<?xml version="1.0" encoding="UTF-8"?>
<testsuite xmlns:xsi="http://www.w3.org/2001/XMLSchema-instance" xsi:noNamespaceSchemaLocation="https://maven.apache.org/surefire/maven-surefire-plugin/xsd/surefire-test-report-3.0.xsd" version="3.0" name="narimanCode.controller.AdminQuizControllerTest" time="5.741" tests="5" errors="0" skipped="0" failures="1">
  <properties>
[...]
</properties>
  <testcase name="testCreateQuiz_Forbidden" classname="narimanCode.controller.AdminQuizControllerTest" time="0.445">
    <failure message="Status expected:&lt;403&gt; but was:&lt;200&gt;" type="java.lang.AssertionError"><![CDATA[java.lang.AssertionError: Status expected:<403> but was:<200>
	at org.springframework.test.util.AssertionErrors.fail(AssertionErrors.java:59)
	at org.springframework.test.util.AssertionErrors.assertEquals(AssertionErrors.java:122)
	at org.springframework.test.web.servlet.result.StatusResultMatchers.lambda$matcher$9(StatusResultMatchers.java:637)
	at org.springframework.test.web.servlet.MockMvc$1.andExpect(MockMvc.java:214)
	at narimanCode.controller.AdminQuizControllerTest.testCreateQuiz_Forbidden(AdminQuizControllerTest.java:133)
	at java.base/java.lang.reflect.Method.invoke(Method.java:580)
	at java.base/java.util.ArrayList.forEach(ArrayList.java:1597)
	at java.base/java.util.ArrayList.forEach(ArrayList.java:1597)
]]></failure>
    <system-out><![CDATA[07:35:21.967 [main] INFO org.springframework.test.context.support.AnnotationConfigContextLoaderUtils -- Could not detect default configuration classes for test class [narimanCode.controller.AdminQuizControllerTest]: AdminQuizControllerTest does not declare any static, non-private, non-final, nested classes annotated with @Configuration.
07:35:22.167 [main] INFO org.springframework.boot.test.context.SpringBootTestContextBootstrapper -- Found @SpringBootConfiguration narimanCode.QuizServiceApplication for test class narimanCode.controller.AdminQuizControllerTest

  .   ____          _            __ _ _
 /\\ / ___'_ __ _ _(_)_ __  __ _ \ \ \ \
( ( )\___ | '_ | '_| | '_ \/ _` | \ \ \ \
 \\/  ___)| |_)| | | | | || (_| |  ) ) ) )
  '  |____| .__|_| |_|_| |_\__, | / / / /
 =========|_|==============|___/=/_/_/_/
 :: Spring Boot ::                (v3.2.3)

2025-05-08T07:35:22.695+02:00 DEBUG 9872 --- [quiz-service] [kground-preinit] o.h.v.i.xml.config.ValidationXmlParser   : Trying to load META-INF/validation.xml for XML based Validator configuration.
2025-05-08T07:35:22.695+02:00 DEBUG 9872 --- [quiz-service] [kground-preinit] o.h.v.i.xml.config.ResourceLoaderHelper  : Trying to load META-INF/validation.xml via TCCL
2025-05-08T07:35:22.695+02:00 DEBUG 9872 --- [quiz-service] [kground-preinit] o.h.v.i.xml.config.ResourceLoaderHelper  : Trying to load META-INF/validation.xml via Hibernate Validator's class loader
2025-05-08T07:35:22.695+02:00 DEBUG 9872 --- [quiz-service] [kground-preinit] o.h.v.i.xml.config.ValidationXmlParser   : No META-INF/validation.xml found. Using annotation based configuration only.
2025-05-08T07:35:22.708+02:00 DEBUG 9872 --- [quiz-service] [kground-preinit] o.h.v.i.e.resolver.TraversableResolvers  : Found jakarta.persistence.Persistence on classpath containing 'getPersistenceUtil'. Assuming JPA 2 environment. Trying to instantiate JPA aware TraversableResolver
2025-05-08T07:35:22.709+02:00 DEBUG 9872 --- [quiz-service] [kground-preinit] o.h.v.i.e.resolver.TraversableResolvers  : Instantiated JPA aware TraversableResolver of type org.hibernate.validator.internal.engine.resolver.JPATraversableResolver.
2025-05-08T07:35:22.733+02:00  INFO 9872 --- [quiz-service] [           main] n.controller.AdminQuizControllerTest     : Starting AdminQuizControllerTest using Java 23.0.1 with PID 9872 (started by narim in C:\Users\narim\LexiconJava\Weeks18,19,20\quiz-platform\quiz-service)
2025-05-08T07:35:22.733+02:00 DEBUG 9872 --- [quiz-service] [           main] n.controller.AdminQuizControllerTest     : Running with Spring Boot v3.2.3, Spring v6.1.4
2025-05-08T07:35:22.733+02:00  INFO 9872 --- [quiz-service] [           main] n.controller.AdminQuizControllerTest     : No active profile set, falling back to 1 default profile: "default"
2025-05-08T07:35:22.733+02:00 DEBUG 9872 --- [quiz-service] [           main] o.s.boot.SpringApplication               : Loading source class narimanCode.QuizServiceApplication
2025-05-08T07:35:22.742+02:00 DEBUG 9872 --- [quiz-service] [kground-preinit] .h.v.m.ResourceBundleMessageInterpolator : Loaded expression factory via original TCCL
2025-05-08T07:35:22.760+02:00 DEBUG 9872 --- [quiz-service] [           main] o.s.w.c.s.GenericWebApplicationContext   : Refreshing org.springframework.web.context.support.GenericWebApplicationContext@779de014
2025-05-08T07:35:22.801+02:00 DEBUG 9872 --- [quiz-service] [           main] o.s.b.f.s.DefaultListableBeanFactory     : Creating shared instance of singleton bean 'org.springframework.context.annotation.internalConfigurationAnnotationProcessor'
2025-05-08T07:35:22.830+02:00 DEBUG 9872 --- [quiz-service] [           main] o.s.b.f.s.DefaultListableBeanFactory     : Creating shared instance of singleton bean 'org.springframework.boot.autoconfigure.internalCachingMetadataReaderFactory'
2025-05-08T07:35:22.925+02:00 DEBUG 9872 --- [quiz-service] [kground-preinit] .i.e.ValidatorFactoryConfigurationHelper : HV000252: Using org.hibernate.validator.internal.engine.DefaultPropertyNodeNameProvider as property node name provider.
2025-05-08T07:35:22.933+02:00 DEBUG 9872 --- [quiz-service] [kground-preinit] .i.e.ValidatorFactoryConfigurationHelper : HV000234: Using org.hibernate.validator.messageinterpolation.ResourceBundleMessageInterpolator as ValidatorFactory-scoped message interpolator.
2025-05-08T07:35:22.933+02:00 DEBUG 9872 --- [quiz-service] [kground-preinit] .i.e.ValidatorFactoryConfigurationHelper : HV000234: Using org.hibernate.validator.internal.engine.resolver.JPATraversableResolver as ValidatorFactory-scoped traversable resolver.
2025-05-08T07:35:22.939+02:00 DEBUG 9872 --- [quiz-service] [kground-preinit] .i.e.ValidatorFactoryConfigurationHelper : HV000234: Using org.hibernate.validator.internal.util.ExecutableParameterNameProvider as ValidatorFactory-scoped parameter name provider.
2025-05-08T07:35:22.939+02:00 DEBUG 9872 --- [quiz-service] [kground-preinit] .i.e.ValidatorFactoryConfigurationHelper : HV000234: Using org.hibernate.validator.internal.engine.DefaultClockProvider as ValidatorFactory-scoped clock provider.
2025-05-08T07:35:22.939+02:00 DEBUG 9872 --- [quiz-service] [kground-preinit] .i.e.ValidatorFactoryConfigurationHelper : HV000234: Using org.hibernate.validator.internal.engine.scripting.DefaultScriptEvaluatorFactory as ValidatorFactory-scoped script evaluator factory.
2025-05-08T07:35:22.943+02:00 DEBUG 9872 --- [quiz-service] [           main] o.s.c.a.ClassPathBeanDefinitionScanner   : Identified candidate component class: file [C:\Users\narim\LexiconJava\Weeks18,19,20\quiz-platform\quiz-service\target\classes\narimanCode\controller\AdminQuizController.class]
2025-05-08T07:35:23.980+02:00 DEBUG 9872 --- [quiz-service] [           main] o.s.b.f.s.DefaultListableBeanFactory     : Creating shared instance of singleton bean 'org.springframework.boot.test.context.ImportsContextCustomizer$ImportsCleanupPostProcessor'
2025-05-08T07:35:24.005+02:00 DEBUG 9872 --- [quiz-service] [           main] o.s.b.f.s.DefaultListableBeanFactory     : Creating shared instance of singleton bean 'springSecurityHandlerMappingIntrospectorBeanDefinitionRegistryPostProcessor'
2025-05-08T07:35:24.126+02:00 DEBUG 9872 --- [quiz-service] [           main] o.s.b.f.s.DefaultListableBeanFactory     : Creating shared instance of singleton bean 'org.springframework.boot.test.mock.mockito.MockitoPostProcessor'
2025-05-08T07:35:25.492+02:00 DEBUG 9872 --- [quiz-service] [           main] o.s.b.f.s.DefaultListableBeanFactory     : Creating shared instance of singleton bean 'org.springframework.context.event.internalEventListenerProcessor'
2025-05-08T07:35:25.495+02:00 DEBUG 9872 --- [quiz-service] [           main] o.s.b.f.s.DefaultListableBeanFactory     : Creating shared instance of singleton bean 'preserveErrorControllerTargetClassPostProcessor'
2025-05-08T07:35:25.495+02:00 DEBUG 9872 --- [quiz-service] [           main] o.s.b.f.s.DefaultListableBeanFactory     : Creating shared instance of singleton bean 'conversionServicePostProcessor'
2025-05-08T07:35:25.511+02:00 DEBUG 9872 --- [quiz-service] [           main] o.s.b.f.s.DefaultListableBeanFactory     : Creating shared instance of singleton bean 'org.springframework.context.event.internalEventListenerFactory'
2025-05-08T07:35:25.528+02:00 DEBUG 9872 --- [quiz-service] [           main] o.s.b.f.s.DefaultListableBeanFactory     : Creating shared instance of singleton bean 'org.springframework.context.annotation.internalAutowiredAnnotationProcessor'
2025-05-08T07:35:25.530+02:00 DEBUG 9872 --- [quiz-service] [           main] o.s.b.f.s.DefaultListableBeanFactory     : Creating shared instance of singleton bean 'org.springframework.context.annotation.internalCommonAnnotationProcessor'
2025-05-08T07:35:25.530+02:00 DEBUG 9872 --- [quiz-service] [           main] o.s.b.f.s.DefaultListableBeanFactory     : Creating shared instance of singleton bean 'org.springframework.context.annotation.internalPersistenceAnnotationProcessor'
2025-05-08T07:35:25.530+02:00 DEBUG 9872 --- [quiz-service] [           main] o.s.b.f.s.DefaultListableBeanFactory     : Creating shared instance of singleton bean 'org.springframework.boot.test.mock.mockito.MockitoPostProcessor$SpyPostProcessor'
2025-05-08T07:35:25.543+02:00 DEBUG 9872 --- [quiz-service] [           main] o.s.b.f.s.DefaultListableBeanFactory     : Creating shared instance of singleton bean 'org.springframework.boot.context.properties.ConfigurationPropertiesBindingPostProcessor'
2025-05-08T07:35:25.544+02:00 DEBUG 9872 --- [quiz-service] [           main] o.s.b.f.s.DefaultListableBeanFactory     : Creating shared instance of singleton bean 'org.springframework.boot.context.internalConfigurationPropertiesBinder'
2025-05-08T07:35:25.549+02:00 DEBUG 9872 --- [quiz-service] [           main] o.s.b.f.s.DefaultListableBeanFactory     : Creating shared instance of singleton bean 'methodValidationPostProcessor'
2025-05-08T07:35:25.561+02:00 DEBUG 9872 --- [quiz-service] [           main] o.s.b.f.s.DefaultListableBeanFactory     : Autowiring by type from bean name 'methodValidationPostProcessor' via factory method to bean named 'environment'
2025-05-08T07:35:25.561+02:00 DEBUG 9872 --- [quiz-service] [           main] o.s.b.f.s.DefaultListableBeanFactory     : Creating shared instance of singleton bean 'org.springframework.boot.context.properties.EnableConfigurationPropertiesRegistrar.methodValidationExcludeFilter'
2025-05-08T07:35:25.636+02:00 DEBUG 9872 --- [quiz-service] [           main] o.s.b.f.s.DefaultListableBeanFactory     : Creating shared instance of singleton bean 'projectingArgumentResolverBeanPostProcessor'
2025-05-08T07:35:25.683+02:00 DEBUG 9872 --- [quiz-service] [           main] o.s.u.c.s.UiApplicationContextUtils      : Unable to locate ThemeSource with name 'themeSource': using default [org.springframework.ui.context.support.ResourceBundleThemeSource@62f9c790]
2025-05-08T07:35:25.690+02:00 DEBUG 9872 --- [quiz-service] [           main] o.s.b.f.s.DefaultListableBeanFactory     : Creating shared instance of singleton bean 'quizServiceApplication'
2025-05-08T07:35:25.698+02:00 DEBUG 9872 --- [quiz-service] [           main] o.s.b.f.s.DefaultListableBeanFactory     : Creating shared instance of singleton bean 'adminQuizController'
2025-05-08T07:35:25.715+02:00 DEBUG 9872 --- [quiz-service] [           main] o.s.b.f.s.DefaultListableBeanFactory     : Autowiring by type from bean name 'adminQuizController' via constructor to bean named 'narimanCode.service.QuizService#0'
2025-05-08T07:35:25.763+02:00 DEBUG 9872 --- [quiz-service] [           main] o.s.b.f.s.DefaultListableBeanFactory     : Creating shared instance of singleton bean 'org.springframework.boot.autoconfigure.AutoConfigurationPackages'
2025-05-08T07:35:25.763+02:00 DEBUG 9872 --- [quiz-service] [           main] o.s.b.f.s.DefaultListableBeanFactory     : Creating shared instance of singleton bean 'org.springframework.boot.autoconfigure.task.TaskExecutorConfigurations$ThreadPoolTaskExecutorBuilderConfiguration'
2025-05-08T07:35:25.763+02:00 DEBUG 9872 --- [quiz-service] [           main] o.s.b.f.s.DefaultListableBeanFactory     : Creating shared instance of singleton bean 'threadPoolTaskExecutorBuilder'
2025-05-08T07:35:25.766+02:00 DEBUG 9872 --- [quiz-service] [           main] o.s.b.f.s.DefaultListableBeanFactory     : Creating shared instance of singleton bean 'spring.task.execution-org.springframework.boot.autoconfigure.task.TaskExecutionProperties'
2025-05-08T07:35:25.769+02:00 DEBUG 9872 --- [quiz-service] [           main] o.s.b.f.s.DefaultListableBeanFactory     : Creating shared instance of singleton bean 'org.springframework.boot.context.properties.BoundConfigurationProperties'
2025-05-08T07:35:25.793+02:00 DEBUG 9872 --- [quiz-service] [           main] o.s.b.f.s.DefaultListableBeanFactory     : Autowiring by type from bean name 'threadPoolTaskExecutorBuilder' via factory method to bean named 'spring.task.execution-org.springframework.boot.autoconfigure.task.TaskExecutionProperties'
2025-05-08T07:35:25.800+02:00 DEBUG 9872 --- [quiz-service] [           main] o.s.b.f.s.DefaultListableBeanFactory     : Creating shared instance of singleton bean 'org.springframework.boot.autoconfigure.task.TaskExecutorConfigurations$TaskExecutorBuilderConfiguration'
2025-05-08T07:35:25.800+02:00 DEBUG 9872 --- [quiz-service] [           main] o.s.b.f.s.DefaultListableBeanFactory     : Creating shared instance of singleton bean 'taskExecutorBuilder'
2025-05-08T07:35:25.805+02:00 DEBUG 9872 --- [quiz-service] [           main] o.s.b.f.s.DefaultListableBeanFactory     : Autowiring by type from bean name 'taskExecutorBuilder' via factory method to bean named 'spring.task.execution-org.springframework.boot.autoconfigure.task.TaskExecutionProperties'
2025-05-08T07:35:25.808+02:00 DEBUG 9872 --- [quiz-service] [           main] o.s.b.f.s.DefaultListableBeanFactory     : Creating shared instance of singleton bean 'org.springframework.boot.autoconfigure.task.TaskExecutorConfigurations$SimpleAsyncTaskExecutorBuilderConfiguration'
2025-05-08T07:35:25.808+02:00 DEBUG 9872 --- [quiz-service] [           main] o.s.b.f.s.DefaultListableBeanFactory     : Autowiring by type from bean name 'org.springframework.boot.autoconfigure.task.TaskExecutorConfigurations$SimpleAsyncTaskExecutorBuilderConfiguration' via constructor to bean named 'spring.task.execution-org.springframework.boot.autoconfigure.task.TaskExecutionProperties'
2025-05-08T07:35:25.808+02:00 DEBUG 9872 --- [quiz-service] [           main] o.s.b.f.s.DefaultListableBeanFactory     : Creating shared instance of singleton bean 'simpleAsyncTaskExecutorBuilder'
2025-05-08T07:35:25.808+02:00 DEBUG 9872 --- [quiz-service] [           main] o.s.b.f.s.DefaultListableBeanFactory     : Creating shared instance of singleton bean 'org.springframework.boot.autoconfigure.task.TaskExecutorConfigurations$TaskExecutorConfiguration'
2025-05-08T07:35:25.808+02:00 DEBUG 9872 --- [quiz-service] [           main] o.s.b.f.s.DefaultListableBeanFactory     : Creating shared instance of singleton bean 'org.springframework.boot.autoconfigure.task.TaskExecutionAutoConfiguration'
2025-05-08T07:35:25.808+02:00 DEBUG 9872 --- [quiz-service] [           main] o.s.b.f.s.DefaultListableBeanFactory     : Creating shared instance of singleton bean 'org.springframework.boot.autoconfigure.validation.ValidationAutoConfiguration'
2025-05-08T07:35:25.808+02:00 DEBUG 9872 --- [quiz-service] [           main] o.s.b.f.s.DefaultListableBeanFactory     : Creating shared instance of singleton bean 'defaultValidator'
2025-05-08T07:35:25.808+02:00 DEBUG 9872 --- [quiz-service] [           main] o.s.b.f.s.DefaultListableBeanFactory     : Autowiring by type from bean name 'defaultValidator' via factory method to bean named 'org.springframework.web.context.support.GenericWebApplicationContext@779de014'
2025-05-08T07:35:25.816+02:00 DEBUG 9872 --- [quiz-service] [           main] .h.v.m.ResourceBundleMessageInterpolator : Loaded expression factory via original TCCL
2025-05-08T07:35:25.826+02:00 DEBUG 9872 --- [quiz-service] [           main] o.h.v.i.e.AbstractConfigurationImpl      : Setting custom MessageInterpolator of type org.springframework.validation.beanvalidation.LocaleContextMessageInterpolator
2025-05-08T07:35:25.826+02:00 DEBUG 9872 --- [quiz-service] [           main] o.h.v.i.e.AbstractConfigurationImpl      : Setting custom ConstraintValidatorFactory of type org.springframework.validation.beanvalidation.SpringConstraintValidatorFactory
2025-05-08T07:35:25.826+02:00 DEBUG 9872 --- [quiz-service] [           main] o.h.v.i.xml.config.ValidationXmlParser   : Trying to load META-INF/validation.xml for XML based Validator configuration.
2025-05-08T07:35:25.826+02:00 DEBUG 9872 --- [quiz-service] [           main] o.h.v.i.xml.config.ResourceLoaderHelper  : Trying to load META-INF/validation.xml via user class loader
2025-05-08T07:35:25.826+02:00 DEBUG 9872 --- [quiz-service] [           main] o.h.v.i.xml.config.ResourceLoaderHelper  : Trying to load META-INF/validation.xml via TCCL
2025-05-08T07:35:25.826+02:00 DEBUG 9872 --- [quiz-service] [           main] o.h.v.i.xml.config.ResourceLoaderHelper  : Trying to load META-INF/validation.xml via Hibernate Validator's class loader
2025-05-08T07:35:25.826+02:00 DEBUG 9872 --- [quiz-service] [           main] o.h.v.i.xml.config.ValidationXmlParser   : No META-INF/validation.xml found. Using annotation based configuration only.
2025-05-08T07:35:25.826+02:00 DEBUG 9872 --- [quiz-service] [           main] o.h.v.i.e.resolver.TraversableResolvers  : Found jakarta.persistence.Persistence on classpath containing 'getPersistenceUtil'. Assuming JPA 2 environment. Trying to instantiate JPA aware TraversableResolver
2025-05-08T07:35:25.826+02:00 DEBUG 9872 --- [quiz-service] [           main] o.h.v.i.e.resolver.TraversableResolvers  : Instantiated JPA aware TraversableResolver of type org.hibernate.validator.internal.engine.resolver.JPATraversableResolver.
2025-05-08T07:35:25.826+02:00 DEBUG 9872 --- [quiz-service] [           main] .i.e.ValidatorFactoryConfigurationHelper : HV000252: Using org.hibernate.validator.internal.engine.DefaultPropertyNodeNameProvider as property node name provider.
2025-05-08T07:35:25.826+02:00 DEBUG 9872 --- [quiz-service] [           main] .i.e.ValidatorFactoryConfigurationHelper : HV000234: Using org.springframework.validation.beanvalidation.LocaleContextMessageInterpolator as ValidatorFactory-scoped message interpolator.
2025-05-08T07:35:25.826+02:00 DEBUG 9872 --- [quiz-service] [           main] .i.e.ValidatorFactoryConfigurationHelper : HV000234: Using org.hibernate.validator.internal.engine.resolver.JPATraversableResolver as ValidatorFactory-scoped traversable resolver.
2025-05-08T07:35:25.826+02:00 DEBUG 9872 --- [quiz-service] [           main] .i.e.ValidatorFactoryConfigurationHelper : HV000234: Using org.hibernate.validator.internal.util.ExecutableParameterNameProvider as ValidatorFactory-scoped parameter name provider.
2025-05-08T07:35:25.826+02:00 DEBUG 9872 --- [quiz-service] [           main] .i.e.ValidatorFactoryConfigurationHelper : HV000234: Using org.hibernate.validator.internal.engine.DefaultClockProvider as ValidatorFactory-scoped clock provider.
2025-05-08T07:35:25.826+02:00 DEBUG 9872 --- [quiz-service] [           main] .i.e.ValidatorFactoryConfigurationHelper : HV000234: Using org.hibernate.validator.internal.engine.scripting.DefaultScriptEvaluatorFactory as ValidatorFactory-scoped script evaluator factory.
2025-05-08T07:35:25.826+02:00 DEBUG 9872 --- [quiz-service] [           main] o.s.b.f.s.DefaultListableBeanFactory     : Creating shared instance of singleton bean 'org.springframework.boot.autoconfigure.web.servlet.error.ErrorMvcAutoConfiguration$WhitelabelErrorViewConfiguration'
2025-05-08T07:35:25.826+02:00 DEBUG 9872 --- [quiz-service] [           main] o.s.b.f.s.DefaultListableBeanFactory     : Creating shared instance of singleton bean 'error'
2025-05-08T07:35:25.826+02:00 DEBUG 9872 --- [quiz-service] [           main] o.s.b.f.s.DefaultListableBeanFactory     : Creating shared instance of singleton bean 'beanNameViewResolver'
2025-05-08T07:35:25.840+02:00 DEBUG 9872 --- [quiz-service] [           main] o.s.b.f.s.DefaultListableBeanFactory     : Creating shared instance of singleton bean 'org.springframework.boot.autoconfigure.web.servlet.error.ErrorMvcAutoConfiguration$DefaultErrorViewResolverConfiguration'
2025-05-08T07:35:25.845+02:00 DEBUG 9872 --- [quiz-service] [           main] o.s.b.f.s.DefaultListableBeanFactory     : Creating shared instance of singleton bean 'spring.web-org.springframework.boot.autoconfigure.web.WebProperties'
2025-05-08T07:35:25.846+02:00 DEBUG 9872 --- [quiz-service] [           main] o.s.b.f.s.DefaultListableBeanFactory     : Autowiring by type from bean name 'org.springframework.boot.autoconfigure.web.servlet.error.ErrorMvcAutoConfiguration$DefaultErrorViewResolverConfiguration' via constructor to bean named 'org.springframework.web.context.support.GenericWebApplicationContext@779de014'
2025-05-08T07:35:25.846+02:00 DEBUG 9872 --- [quiz-service] [           main] o.s.b.f.s.DefaultListableBeanFactory     : Autowiring by type from bean name 'org.springframework.boot.autoconfigure.web.servlet.error.ErrorMvcAutoConfiguration$DefaultErrorViewResolverConfiguration' via constructor to bean named 'spring.web-org.springframework.boot.autoconfigure.web.WebProperties'
2025-05-08T07:35:25.846+02:00 DEBUG 9872 --- [quiz-service] [           main] o.s.b.f.s.DefaultListableBeanFactory     : Creating shared instance of singleton bean 'spring.mvc-org.springframework.boot.autoconfigure.web.servlet.WebMvcProperties'
2025-05-08T07:35:25.870+02:00 DEBUG 9872 --- [quiz-service] [           main] o.s.b.f.s.DefaultListableBeanFactory     : Creating shared instance of singleton bean 'org.springframework.boot.autoconfigure.web.servlet.error.ErrorMvcAutoConfiguration'
2025-05-08T07:35:25.872+02:00 DEBUG 9872 --- [quiz-service] [           main] o.s.b.f.s.DefaultListableBeanFactory     : Creating shared instance of singleton bean 'server-org.springframework.boot.autoconfigure.web.ServerProperties'
2025-05-08T07:35:25.909+02:00 DEBUG 9872 --- [quiz-service] [           main] o.s.b.f.s.DefaultListableBeanFactory     : Autowiring by type from bean name 'org.springframework.boot.autoconfigure.web.servlet.error.ErrorMvcAutoConfiguration' via constructor to bean named 'server-org.springframework.boot.autoconfigure.web.ServerProperties'
2025-05-08T07:35:25.909+02:00 DEBUG 9872 --- [quiz-service] [           main] o.s.b.f.s.DefaultListableBeanFactory     : Creating shared instance of singleton bean 'errorAttributes'
2025-05-08T07:35:25.912+02:00 DEBUG 9872 --- [quiz-service] [           main] o.s.b.f.s.DefaultListableBeanFactory     : Creating shared instance of singleton bean 'basicErrorController'
2025-05-08T07:35:25.912+02:00 DEBUG 9872 --- [quiz-service] [           main] o.s.b.f.s.DefaultListableBeanFactory     : Autowiring by type from bean name 'basicErrorController' via factory method to bean named 'errorAttributes'
2025-05-08T07:35:25.917+02:00 DEBUG 9872 --- [quiz-service] [           main] o.s.b.f.s.DefaultListableBeanFactory     : Creating shared instance of singleton bean 'errorPageCustomizer'
2025-05-08T07:35:25.917+02:00 DEBUG 9872 --- [quiz-service] [           main] o.s.b.f.s.DefaultListableBeanFactory     : Creating shared instance of singleton bean 'dispatcherServletPath'
2025-05-08T07:35:25.917+02:00 DEBUG 9872 --- [quiz-service] [           main] o.s.b.f.s.DefaultListableBeanFactory     : Creating shared instance of singleton bean 'org.springframework.boot.test.autoconfigure.web.servlet.MockMvcAutoConfiguration'
2025-05-08T07:35:25.925+02:00 DEBUG 9872 --- [quiz-service] [           main] o.s.b.f.s.DefaultListableBeanFactory     : Autowiring by type from bean name 'org.springframework.boot.test.autoconfigure.web.servlet.MockMvcAutoConfiguration' via constructor to bean named 'org.springframework.web.context.support.GenericWebApplicationContext@779de014'
2025-05-08T07:35:25.925+02:00 DEBUG 9872 --- [quiz-service] [           main] o.s.b.f.s.DefaultListableBeanFactory     : Autowiring by type from bean name 'org.springframework.boot.test.autoconfigure.web.servlet.MockMvcAutoConfiguration' via constructor to bean named 'spring.mvc-org.springframework.boot.autoconfigure.web.servlet.WebMvcProperties'
2025-05-08T07:35:25.925+02:00 DEBUG 9872 --- [quiz-service] [           main] o.s.b.f.s.DefaultListableBeanFactory     : Autowiring by type from bean name 'errorPageCustomizer' via factory method to bean named 'dispatcherServletPath'
2025-05-08T07:35:25.928+02:00 DEBUG 9872 --- [quiz-service] [           main] o.s.b.f.s.DefaultListableBeanFactory     : Creating shared instance of singleton bean 'org.springframework.boot.autoconfigure.web.servlet.WebMvcAutoConfiguration$EnableWebMvcConfiguration'
2025-05-08T07:35:25.928+02:00 DEBUG 9872 --- [quiz-service] [           main] o.s.b.f.s.DefaultListableBeanFactory     : Autowiring by type from bean name 'org.springframework.boot.autoconfigure.web.servlet.WebMvcAutoConfiguration$EnableWebMvcConfiguration' via constructor to bean named 'spring.mvc-org.springframework.boot.autoconfigure.web.servlet.WebMvcProperties'
2025-05-08T07:35:25.928+02:00 DEBUG 9872 --- [quiz-service] [           main] o.s.b.f.s.DefaultListableBeanFactory     : Autowiring by type from bean name 'org.springframework.boot.autoconfigure.web.servlet.WebMvcAutoConfiguration$EnableWebMvcConfiguration' via constructor to bean named 'spring.web-org.springframework.boot.autoconfigure.web.WebProperties'
2025-05-08T07:35:25.928+02:00 DEBUG 9872 --- [quiz-service] [           main] o.s.b.f.s.DefaultListableBeanFactory     : Autowiring by type from bean name 'org.springframework.boot.autoconfigure.web.servlet.WebMvcAutoConfiguration$EnableWebMvcConfiguration' via constructor to bean named 'org.springframework.beans.factory.support.DefaultListableBeanFactory@1bfe3203'
2025-05-08T07:35:25.928+02:00 DEBUG 9872 --- [quiz-service] [           main] o.s.b.f.s.DefaultListableBeanFactory     : Creating shared instance of singleton bean 'org.springframework.boot.autoconfigure.web.servlet.WebMvcAutoConfiguration$WebMvcAutoConfigurationAdapter'
2025-05-08T07:35:25.943+02:00 DEBUG 9872 --- [quiz-service] [           main] o.s.b.f.s.DefaultListableBeanFactory     : Autowiring by type from bean name 'org.springframework.boot.autoconfigure.web.servlet.WebMvcAutoConfiguration$WebMvcAutoConfigurationAdapter' via constructor to bean named 'spring.web-org.springframework.boot.autoconfigure.web.WebProperties'
2025-05-08T07:35:25.943+02:00 DEBUG 9872 --- [quiz-service] [           main] o.s.b.f.s.DefaultListableBeanFactory     : Autowiring by type from bean name 'org.springframework.boot.autoconfigure.web.servlet.WebMvcAutoConfiguration$WebMvcAutoConfigurationAdapter' via constructor to bean named 'spring.mvc-org.springframework.boot.autoconfigure.web.servlet.WebMvcProperties'
2025-05-08T07:35:25.943+02:00 DEBUG 9872 --- [quiz-service] [           main] o.s.b.f.s.DefaultListableBeanFactory     : Autowiring by type from bean name 'org.springframework.boot.autoconfigure.web.servlet.WebMvcAutoConfiguration$WebMvcAutoConfigurationAdapter' via constructor to bean named 'org.springframework.beans.factory.support.DefaultListableBeanFactory@1bfe3203'
2025-05-08T07:35:25.943+02:00 DEBUG 9872 --- [quiz-service] [           main] o.s.b.f.s.DefaultListableBeanFactory     : Creating shared instance of singleton bean 'org.springframework.data.web.config.SpringDataWebConfiguration'
2025-05-08T07:35:25.950+02:00 DEBUG 9872 --- [quiz-service] [           main] o.s.b.f.s.DefaultListableBeanFactory     : Autowiring by type from bean name 'org.springframework.data.web.config.SpringDataWebConfiguration' via constructor to bean named 'org.springframework.web.context.support.GenericWebApplicationContext@779de014'
2025-05-08T07:35:25.953+02:00 DEBUG 9872 --- [quiz-service] [           main] o.s.b.f.s.DefaultListableBeanFactory     : Creating shared instance of singleton bean 'org.springframework.security.config.annotation.web.configuration.WebMvcSecurityConfiguration'
2025-05-08T07:35:25.959+02:00 DEBUG 9872 --- [quiz-service] [           main] o.s.b.f.s.DefaultListableBeanFactory     : Creating shared instance of singleton bean 'welcomePageHandlerMapping'
2025-05-08T07:35:25.959+02:00 DEBUG 9872 --- [quiz-service] [           main] o.s.b.f.s.DefaultListableBeanFactory     : Creating shared instance of singleton bean 'mvcConversionService'
2025-05-08T07:35:25.977+02:00 DEBUG 9872 --- [quiz-service] [           main] o.s.b.f.s.DefaultListableBeanFactory     : Creating shared instance of singleton bean 'mvcResourceUrlProvider'
2025-05-08T07:35:25.981+02:00 DEBUG 9872 --- [quiz-service] [           main] o.s.b.f.s.DefaultListableBeanFactory     : Autowiring by type from bean name 'welcomePageHandlerMapping' via factory method to bean named 'org.springframework.web.context.support.GenericWebApplicationContext@779de014'
2025-05-08T07:35:25.981+02:00 DEBUG 9872 --- [quiz-service] [           main] o.s.b.f.s.DefaultListableBeanFactory     : Autowiring by type from bean name 'welcomePageHandlerMapping' via factory method to bean named 'mvcConversionService'
2025-05-08T07:35:25.981+02:00 DEBUG 9872 --- [quiz-service] [           main] o.s.b.f.s.DefaultListableBeanFactory     : Autowiring by type from bean name 'welcomePageHandlerMapping' via factory method to bean named 'mvcResourceUrlProvider'
2025-05-08T07:35:26.009+02:00 DEBUG 9872 --- [quiz-service] [           main] o.s.b.f.s.DefaultListableBeanFactory     : Creating shared instance of singleton bean 'welcomePageNotAcceptableHandlerMapping'
2025-05-08T07:35:26.009+02:00 DEBUG 9872 --- [quiz-service] [           main] o.s.b.f.s.DefaultListableBeanFactory     : Autowiring by type from bean name 'welcomePageNotAcceptableHandlerMapping' via factory method to bean named 'org.springframework.web.context.support.GenericWebApplicationContext@779de014'
2025-05-08T07:35:26.009+02:00 DEBUG 9872 --- [quiz-service] [           main] o.s.b.f.s.DefaultListableBeanFactory     : Autowiring by type from bean name 'welcomePageNotAcceptableHandlerMapping' via factory method to bean named 'mvcConversionService'
2025-05-08T07:35:26.009+02:00 DEBUG 9872 --- [quiz-service] [           main] o.s.b.f.s.DefaultListableBeanFactory     : Autowiring by type from bean name 'welcomePageNotAcceptableHandlerMapping' via factory method to bean named 'mvcResourceUrlProvider'
2025-05-08T07:35:26.022+02:00 DEBUG 9872 --- [quiz-service] [           main] o.s.b.f.s.DefaultListableBeanFactory     : Creating shared instance of singleton bean 'localeResolver'
2025-05-08T07:35:26.026+02:00 DEBUG 9872 --- [quiz-service] [           main] o.s.b.f.s.DefaultListableBeanFactory     : Creating shared instance of singleton bean 'themeResolver'
2025-05-08T07:35:26.026+02:00 DEBUG 9872 --- [quiz-service] [           main] o.s.b.f.s.DefaultListableBeanFactory     : Creating shared instance of singleton bean 'flashMapManager'
2025-05-08T07:35:26.026+02:00 DEBUG 9872 --- [quiz-service] [           main] o.s.b.f.s.DefaultListableBeanFactory     : Creating shared instance of singleton bean 'mvcValidator'
2025-05-08T07:35:26.026+02:00 DEBUG 9872 --- [quiz-service] [           main] o.s.b.f.s.DefaultListableBeanFactory     : Creating shared instance of singleton bean 'mvcContentNegotiationManager'
2025-05-08T07:35:26.043+02:00 DEBUG 9872 --- [quiz-service] [           main] o.s.b.f.s.DefaultListableBeanFactory     : Creating shared instance of singleton bean 'requestMappingHandlerMapping'
2025-05-08T07:35:26.045+02:00 DEBUG 9872 --- [quiz-service] [           main] o.s.b.f.s.DefaultListableBeanFactory     : Autowiring by type from bean name 'requestMappingHandlerMapping' via factory method to bean named 'mvcContentNegotiationManager'
2025-05-08T07:35:26.046+02:00 DEBUG 9872 --- [quiz-service] [           main] o.s.b.f.s.DefaultListableBeanFactory     : Autowiring by type from bean name 'requestMappingHandlerMapping' via factory method to bean named 'mvcConversionService'
2025-05-08T07:35:26.046+02:00 DEBUG 9872 --- [quiz-service] [           main] o.s.b.f.s.DefaultListableBeanFactory     : Autowiring by type from bean name 'requestMappingHandlerMapping' via factory method to bean named 'mvcResourceUrlProvider'
2025-05-08T07:35:26.118+02:00 DEBUG 9872 --- [quiz-service] [           main] s.w.s.m.m.a.RequestMappingHandlerMapping : 5 mappings in 'requestMappingHandlerMapping'
2025-05-08T07:35:26.118+02:00 DEBUG 9872 --- [quiz-service] [           main] o.s.b.f.s.DefaultListableBeanFactory     : Creating shared instance of singleton bean 'mvcPatternParser'
2025-05-08T07:35:26.118+02:00 DEBUG 9872 --- [quiz-service] [           main] o.s.b.f.s.DefaultListableBeanFactory     : Creating shared instance of singleton bean 'mvcUrlPathHelper'
2025-05-08T07:35:26.118+02:00 DEBUG 9872 --- [quiz-service] [           main] o.s.b.f.s.DefaultListableBeanFactory     : Creating shared instance of singleton bean 'mvcPathMatcher'
2025-05-08T07:35:26.124+02:00 DEBUG 9872 --- [quiz-service] [           main] o.s.b.f.s.DefaultListableBeanFactory     : Creating shared instance of singleton bean 'viewControllerHandlerMapping'
2025-05-08T07:35:26.126+02:00 DEBUG 9872 --- [quiz-service] [           main] o.s.b.f.s.DefaultListableBeanFactory     : Autowiring by type from bean name 'viewControllerHandlerMapping' via factory method to bean named 'mvcConversionService'
2025-05-08T07:35:26.126+02:00 DEBUG 9872 --- [quiz-service] [           main] o.s.b.f.s.DefaultListableBeanFactory     : Autowiring by type from bean name 'viewControllerHandlerMapping' via factory method to bean named 'mvcResourceUrlProvider'
2025-05-08T07:35:26.126+02:00 DEBUG 9872 --- [quiz-service] [           main] o.s.b.f.s.DefaultListableBeanFactory     : Creating shared instance of singleton bean 'beanNameHandlerMapping'
2025-05-08T07:35:26.126+02:00 DEBUG 9872 --- [quiz-service] [           main] o.s.b.f.s.DefaultListableBeanFactory     : Autowiring by type from bean name 'beanNameHandlerMapping' via factory method to bean named 'mvcConversionService'
2025-05-08T07:35:26.126+02:00 DEBUG 9872 --- [quiz-service] [           main] o.s.b.f.s.DefaultListableBeanFactory     : Autowiring by type from bean name 'beanNameHandlerMapping' via factory method to bean named 'mvcResourceUrlProvider'
2025-05-08T07:35:26.126+02:00 DEBUG 9872 --- [quiz-service] [           main] o.s.b.f.s.DefaultListableBeanFactory     : Creating shared instance of singleton bean 'routerFunctionMapping'
2025-05-08T07:35:26.126+02:00 DEBUG 9872 --- [quiz-service] [           main] o.s.b.f.s.DefaultListableBeanFactory     : Autowiring by type from bean name 'routerFunctionMapping' via factory method to bean named 'mvcConversionService'
2025-05-08T07:35:26.126+02:00 DEBUG 9872 --- [quiz-service] [           main] o.s.b.f.s.DefaultListableBeanFactory     : Autowiring by type from bean name 'routerFunctionMapping' via factory method to bean named 'mvcResourceUrlProvider'
2025-05-08T07:35:26.126+02:00 DEBUG 9872 --- [quiz-service] [           main] o.s.b.f.s.DefaultListableBeanFactory     : Creating shared instance of singleton bean 'messageConverters'
2025-05-08T07:35:26.126+02:00 DEBUG 9872 --- [quiz-service] [           main] o.s.b.f.s.DefaultListableBeanFactory     : Creating shared instance of singleton bean 'org.springframework.boot.autoconfigure.http.HttpMessageConvertersAutoConfiguration'
2025-05-08T07:35:26.134+02:00 DEBUG 9872 --- [quiz-service] [           main] o.s.b.f.s.DefaultListableBeanFactory     : Creating shared instance of singleton bean 'stringHttpMessageConverter'
2025-05-08T07:35:26.134+02:00 DEBUG 9872 --- [quiz-service] [           main] o.s.b.f.s.DefaultListableBeanFactory     : Creating shared instance of singleton bean 'org.springframework.boot.autoconfigure.http.HttpMessageConvertersAutoConfiguration$StringHttpMessageConverterConfiguration'
2025-05-08T07:35:26.134+02:00 DEBUG 9872 --- [quiz-service] [           main] o.s.b.f.s.DefaultListableBeanFactory     : Autowiring by type from bean name 'stringHttpMessageConverter' via factory method to bean named 'environment'
2025-05-08T07:35:26.141+02:00 DEBUG 9872 --- [quiz-service] [           main] o.s.b.f.s.DefaultListableBeanFactory     : Creating shared instance of singleton bean 'mappingJackson2HttpMessageConverter'
2025-05-08T07:35:26.141+02:00 DEBUG 9872 --- [quiz-service] [           main] o.s.b.f.s.DefaultListableBeanFactory     : Creating shared instance of singleton bean 'org.springframework.boot.autoconfigure.http.JacksonHttpMessageConvertersConfiguration$MappingJackson2HttpMessageConverterConfiguration'
2025-05-08T07:35:26.142+02:00 DEBUG 9872 --- [quiz-service] [           main] o.s.b.f.s.DefaultListableBeanFactory     : Creating shared instance of singleton bean 'jacksonObjectMapper'
2025-05-08T07:35:26.142+02:00 DEBUG 9872 --- [quiz-service] [           main] o.s.b.f.s.DefaultListableBeanFactory     : Creating shared instance of singleton bean 'org.springframework.boot.autoconfigure.jackson.JacksonAutoConfiguration$JacksonObjectMapperConfiguration'
2025-05-08T07:35:26.142+02:00 DEBUG 9872 --- [quiz-service] [           main] o.s.b.f.s.DefaultListableBeanFactory     : Creating shared instance of singleton bean 'org.springframework.boot.autoconfigure.jackson.JacksonAutoConfiguration$JacksonObjectMapperBuilderConfiguration'
2025-05-08T07:35:26.142+02:00 DEBUG 9872 --- [quiz-service] [           main] o.s.b.f.s.DefaultListableBeanFactory     : Creating shared instance of singleton bean 'standardJacksonObjectMapperBuilderCustomizer'
2025-05-08T07:35:26.142+02:00 DEBUG 9872 --- [quiz-service] [           main] o.s.b.f.s.DefaultListableBeanFactory     : Creating shared instance of singleton bean 'org.springframework.boot.autoconfigure.jackson.JacksonAutoConfiguration$Jackson2ObjectMapperBuilderCustomizerConfiguration'
2025-05-08T07:35:26.142+02:00 DEBUG 9872 --- [quiz-service] [           main] o.s.b.f.s.DefaultListableBeanFactory     : Creating shared instance of singleton bean 'spring.jackson-org.springframework.boot.autoconfigure.jackson.JacksonProperties'
2025-05-08T07:35:26.150+02:00 DEBUG 9872 --- [quiz-service] [           main] o.s.b.f.s.DefaultListableBeanFactory     : Autowiring by type from bean name 'standardJacksonObjectMapperBuilderCustomizer' via factory method to bean named 'spring.jackson-org.springframework.boot.autoconfigure.jackson.JacksonProperties'
2025-05-08T07:35:26.150+02:00 DEBUG 9872 --- [quiz-service] [           main] o.s.b.f.s.DefaultListableBeanFactory     : Creating shared instance of singleton bean 'parameterNamesModule'
2025-05-08T07:35:26.150+02:00 DEBUG 9872 --- [quiz-service] [           main] o.s.b.f.s.DefaultListableBeanFactory     : Creating shared instance of singleton bean 'org.springframework.boot.autoconfigure.jackson.JacksonAutoConfiguration$ParameterNamesModuleConfiguration'
2025-05-08T07:35:26.158+02:00 DEBUG 9872 --- [quiz-service] [           main] o.s.b.f.s.DefaultListableBeanFactory     : Creating shared instance of singleton bean 'jsonMixinModule'
2025-05-08T07:35:26.158+02:00 DEBUG 9872 --- [quiz-service] [           main] o.s.b.f.s.DefaultListableBeanFactory     : Creating shared instance of singleton bean 'org.springframework.boot.autoconfigure.jackson.JacksonAutoConfiguration$JacksonMixinConfiguration'
2025-05-08T07:35:26.159+02:00 DEBUG 9872 --- [quiz-service] [           main] o.s.b.f.s.DefaultListableBeanFactory     : Creating shared instance of singleton bean 'jsonMixinModuleEntries'
2025-05-08T07:35:26.159+02:00 DEBUG 9872 --- [quiz-service] [           main] o.s.b.f.s.DefaultListableBeanFactory     : Autowiring by type from bean name 'jsonMixinModuleEntries' via factory method to bean named 'org.springframework.web.context.support.GenericWebApplicationContext@779de014'
2025-05-08T07:35:26.159+02:00 DEBUG 9872 --- [quiz-service] [           main] o.s.b.a.AutoConfigurationPackages        : @EnableAutoConfiguration was declared on a class in the package 'narimanCode'. Automatic @Repository and @Entity scanning is enabled.
2025-05-08T07:35:26.178+02:00 DEBUG 9872 --- [quiz-service] [           main] o.s.b.f.s.DefaultListableBeanFactory     : Autowiring by type from bean name 'jsonMixinModule' via factory method to bean named 'org.springframework.web.context.support.GenericWebApplicationContext@779de014'
2025-05-08T07:35:26.178+02:00 DEBUG 9872 --- [quiz-service] [           main] o.s.b.f.s.DefaultListableBeanFactory     : Autowiring by type from bean name 'jsonMixinModule' via factory method to bean named 'jsonMixinModuleEntries'
2025-05-08T07:35:26.178+02:00 DEBUG 9872 --- [quiz-service] [           main] o.s.b.f.s.DefaultListableBeanFactory     : Creating shared instance of singleton bean 'jsonComponentModule'
2025-05-08T07:35:26.178+02:00 DEBUG 9872 --- [quiz-service] [           main] o.s.b.f.s.DefaultListableBeanFactory     : Creating shared instance of singleton bean 'org.springframework.boot.autoconfigure.jackson.JacksonAutoConfiguration'
2025-05-08T07:35:26.178+02:00 DEBUG 9872 --- [quiz-service] [           main] o.s.b.f.s.DefaultListableBeanFactory     : Creating shared instance of singleton bean 'jacksonGeoModule'
2025-05-08T07:35:26.178+02:00 DEBUG 9872 --- [quiz-service] [           main] o.s.b.f.s.DefaultListableBeanFactory     : Creating shared instance of singleton bean 'org.springframework.data.web.config.SpringDataJacksonConfiguration'
2025-05-08T07:35:26.193+02:00 DEBUG 9872 --- [quiz-service] [           main] o.s.b.f.s.DefaultListableBeanFactory     : Creating shared instance of singleton bean 'pageModule'
2025-05-08T07:35:26.195+02:00 DEBUG 9872 --- [quiz-service] [           main] o.s.b.f.s.DefaultListableBeanFactory     : Autowiring by type from bean name 'jacksonObjectMapperBuilder' via factory method to bean named 'org.springframework.web.context.support.GenericWebApplicationContext@779de014'
2025-05-08T07:35:26.195+02:00 DEBUG 9872 --- [quiz-service] [           main] o.s.b.f.s.DefaultListableBeanFactory     : Autowiring by type from bean name 'jacksonObjectMapperBuilder' via factory method to bean named 'standardJacksonObjectMapperBuilderCustomizer'
2025-05-08T07:35:26.195+02:00 DEBUG 9872 --- [quiz-service] [           main] o.s.b.f.s.DefaultListableBeanFactory     : Autowiring by type from bean name 'jacksonObjectMapper' via factory method to bean named 'jacksonObjectMapperBuilder'
2025-05-08T07:35:26.209+02:00 DEBUG 9872 --- [quiz-service] [           main] o.s.b.f.s.DefaultListableBeanFactory     : Autowiring by type from bean name 'mappingJackson2HttpMessageConverter' via factory method to bean named 'jacksonObjectMapper'
2025-05-08T07:35:26.263+02:00 DEBUG 9872 --- [quiz-service] [           main] o.s.b.f.s.DefaultListableBeanFactory     : Creating shared instance of singleton bean 'resourceHandlerMapping'
2025-05-08T07:35:26.263+02:00 DEBUG 9872 --- [quiz-service] [           main] o.s.b.f.s.DefaultListableBeanFactory     : Autowiring by type from bean name 'resourceHandlerMapping' via factory method to bean named 'mvcContentNegotiationManager'
2025-05-08T07:35:26.263+02:00 DEBUG 9872 --- [quiz-service] [           main] o.s.b.f.s.DefaultListableBeanFactory     : Autowiring by type from bean name 'resourceHandlerMapping' via factory method to bean named 'mvcConversionService'
2025-05-08T07:35:26.263+02:00 DEBUG 9872 --- [quiz-service] [           main] o.s.b.f.s.DefaultListableBeanFactory     : Autowiring by type from bean name 'resourceHandlerMapping' via factory method to bean named 'mvcResourceUrlProvider'
2025-05-08T07:35:26.275+02:00 DEBUG 9872 --- [quiz-service] [           main] o.s.w.s.handler.SimpleUrlHandlerMapping  : Patterns [/webjars/**, /**] in 'resourceHandlerMapping'
2025-05-08T07:35:26.275+02:00 DEBUG 9872 --- [quiz-service] [           main] o.s.b.f.s.DefaultListableBeanFactory     : Creating shared instance of singleton bean 'defaultServletHandlerMapping'
2025-05-08T07:35:26.275+02:00 DEBUG 9872 --- [quiz-service] [           main] o.s.b.f.s.DefaultListableBeanFactory     : Creating shared instance of singleton bean 'requestMappingHandlerAdapter'
2025-05-08T07:35:26.290+02:00 DEBUG 9872 --- [quiz-service] [           main] o.s.b.f.s.DefaultListableBeanFactory     : Autowiring by type from bean name 'requestMappingHandlerAdapter' via factory method to bean named 'mvcContentNegotiationManager'
2025-05-08T07:35:26.290+02:00 DEBUG 9872 --- [quiz-service] [           main] o.s.b.f.s.DefaultListableBeanFactory     : Autowiring by type from bean name 'requestMappingHandlerAdapter' via factory method to bean named 'mvcConversionService'
2025-05-08T07:35:26.290+02:00 DEBUG 9872 --- [quiz-service] [           main] o.s.b.f.s.DefaultListableBeanFactory     : Autowiring by type from bean name 'requestMappingHandlerAdapter' via factory method to bean named 'mvcValidator'
2025-05-08T07:35:26.297+02:00 DEBUG 9872 --- [quiz-service] [           main] o.s.b.f.s.DefaultListableBeanFactory     : Creating shared instance of singleton bean 'sortResolver'
2025-05-08T07:35:26.308+02:00 DEBUG 9872 --- [quiz-service] [           main] o.s.b.f.s.DefaultListableBeanFactory     : Creating shared instance of singleton bean 'sortCustomizer'
2025-05-08T07:35:26.308+02:00 DEBUG 9872 --- [quiz-service] [           main] o.s.b.f.s.DefaultListableBeanFactory     : Creating shared instance of singleton bean 'org.springframework.boot.autoconfigure.data.web.SpringDataWebAutoConfiguration'
2025-05-08T07:35:26.309+02:00 DEBUG 9872 --- [quiz-service] [           main] o.s.b.f.s.DefaultListableBeanFactory     : Creating shared instance of singleton bean 'spring.data.web-org.springframework.boot.autoconfigure.data.web.SpringDataWebProperties'
2025-05-08T07:35:26.310+02:00 DEBUG 9872 --- [quiz-service] [           main] o.s.b.f.s.DefaultListableBeanFactory     : Autowiring by type from bean name 'org.springframework.boot.autoconfigure.data.web.SpringDataWebAutoConfiguration' via constructor to bean named 'spring.data.web-org.springframework.boot.autoconfigure.data.web.SpringDataWebProperties'
2025-05-08T07:35:26.314+02:00 DEBUG 9872 --- [quiz-service] [           main] o.s.b.f.s.DefaultListableBeanFactory     : Creating shared instance of singleton bean 'pageableResolver'
2025-05-08T07:35:26.319+02:00 DEBUG 9872 --- [quiz-service] [           main] o.s.b.f.s.DefaultListableBeanFactory     : Creating shared instance of singleton bean 'pageableCustomizer'
2025-05-08T07:35:26.325+02:00 DEBUG 9872 --- [quiz-service] [           main] o.s.b.f.s.DefaultListableBeanFactory     : Creating shared instance of singleton bean 'applicationTaskExecutor'
2025-05-08T07:35:26.325+02:00 DEBUG 9872 --- [quiz-service] [           main] o.s.b.f.s.DefaultListableBeanFactory     : Autowiring by type from bean name 'applicationTaskExecutor' via factory method to bean named 'taskExecutorBuilder'
2025-05-08T07:35:26.348+02:00 DEBUG 9872 --- [quiz-service] [           main] o.s.s.concurrent.ThreadPoolTaskExecutor  : Initializing ExecutorService 'applicationTaskExecutor'
2025-05-08T07:35:26.359+02:00 DEBUG 9872 --- [quiz-service] [           main] s.w.s.m.m.a.RequestMappingHandlerAdapter : ControllerAdvice beans: 0 @ModelAttribute, 0 @InitBinder, 1 RequestBodyAdvice, 1 ResponseBodyAdvice
2025-05-08T07:35:26.414+02:00 DEBUG 9872 --- [quiz-service] [           main] o.s.b.f.s.DefaultListableBeanFactory     : Creating shared instance of singleton bean 'handlerFunctionAdapter'
2025-05-08T07:35:26.415+02:00 DEBUG 9872 --- [quiz-service] [           main] o.s.b.f.s.DefaultListableBeanFactory     : Creating shared instance of singleton bean 'mvcUriComponentsContributor'
2025-05-08T07:35:26.415+02:00 DEBUG 9872 --- [quiz-service] [           main] o.s.b.f.s.DefaultListableBeanFactory     : Autowiring by type from bean name 'mvcUriComponentsContributor' via factory method to bean named 'mvcConversionService'
2025-05-08T07:35:26.415+02:00 DEBUG 9872 --- [quiz-service] [           main] o.s.b.f.s.DefaultListableBeanFactory     : Autowiring by type from bean name 'mvcUriComponentsContributor' via factory method to bean named 'requestMappingHandlerAdapter'
2025-05-08T07:35:26.424+02:00 DEBUG 9872 --- [quiz-service] [           main] o.s.b.f.s.DefaultListableBeanFactory     : Creating shared instance of singleton bean 'httpRequestHandlerAdapter'
2025-05-08T07:35:26.424+02:00 DEBUG 9872 --- [quiz-service] [           main] o.s.b.f.s.DefaultListableBeanFactory     : Creating shared instance of singleton bean 'simpleControllerHandlerAdapter'
2025-05-08T07:35:26.424+02:00 DEBUG 9872 --- [quiz-service] [           main] o.s.b.f.s.DefaultListableBeanFactory     : Creating shared instance of singleton bean 'handlerExceptionResolver'
2025-05-08T07:35:26.424+02:00 DEBUG 9872 --- [quiz-service] [           main] o.s.b.f.s.DefaultListableBeanFactory     : Autowiring by type from bean name 'handlerExceptionResolver' via factory method to bean named 'mvcContentNegotiationManager'
2025-05-08T07:35:26.432+02:00 DEBUG 9872 --- [quiz-service] [           main] .m.m.a.ExceptionHandlerExceptionResolver : ControllerAdvice beans: 0 @ExceptionHandler, 1 ResponseBodyAdvice
2025-05-08T07:35:26.440+02:00 DEBUG 9872 --- [quiz-service] [           main] o.s.b.f.s.DefaultListableBeanFactory     : Creating shared instance of singleton bean 'mvcViewResolver'
2025-05-08T07:35:26.441+02:00 DEBUG 9872 --- [quiz-service] [           main] o.s.b.f.s.DefaultListableBeanFactory     : Autowiring by type from bean name 'mvcViewResolver' via factory method to bean named 'mvcContentNegotiationManager'
2025-05-08T07:35:26.441+02:00 DEBUG 9872 --- [quiz-service] [           main] o.s.b.f.s.DefaultListableBeanFactory     : Creating shared instance of singleton bean 'viewNameTranslator'
2025-05-08T07:35:26.441+02:00 DEBUG 9872 --- [quiz-service] [           main] o.s.b.f.s.DefaultListableBeanFactory     : Creating shared instance of singleton bean 'defaultViewResolver'
2025-05-08T07:35:26.458+02:00 DEBUG 9872 --- [quiz-service] [           main] o.s.b.f.s.DefaultListableBeanFactory     : Creating shared instance of singleton bean 'viewResolver'
2025-05-08T07:35:26.458+02:00 DEBUG 9872 --- [quiz-service] [           main] o.s.b.f.s.DefaultListableBeanFactory     : Autowiring by type from bean name 'viewResolver' via factory method to bean named 'org.springframework.beans.factory.support.DefaultListableBeanFactory@1bfe3203'
2025-05-08T07:35:26.458+02:00 DEBUG 9872 --- [quiz-service] [           main] o.s.b.f.s.DefaultListableBeanFactory     : Creating shared instance of singleton bean 'viewResolver'
2025-05-08T07:35:26.458+02:00 DEBUG 9872 --- [quiz-service] [           main] o.s.b.f.s.DefaultListableBeanFactory     : Creating shared instance of singleton bean 'requestContextFilter'
2025-05-08T07:35:26.472+02:00 DEBUG 9872 --- [quiz-service] [           main] o.s.b.f.s.DefaultListableBeanFactory     : Creating shared instance of singleton bean 'org.springframework.boot.autoconfigure.web.servlet.WebMvcAutoConfiguration'
2025-05-08T07:35:26.472+02:00 DEBUG 9872 --- [quiz-service] [           main] o.s.b.f.s.DefaultListableBeanFactory     : Creating shared instance of singleton bean 'formContentFilter'
2025-05-08T07:35:26.472+02:00 DEBUG 9872 --- [quiz-service] [           main] o.s.b.f.s.DefaultListableBeanFactory     : Creating shared instance of singleton bean 'org.springframework.boot.autoconfigure.http.JacksonHttpMessageConvertersConfiguration'
2025-05-08T07:35:26.472+02:00 DEBUG 9872 --- [quiz-service] [           main] o.s.b.f.s.DefaultListableBeanFactory     : Creating shared instance of singleton bean 'org.springframework.data.web.config.ProjectingArgumentResolverRegistrar'
2025-05-08T07:35:26.472+02:00 DEBUG 9872 --- [quiz-service] [           main] o.s.b.f.s.DefaultListableBeanFactory     : Creating shared instance of singleton bean 'offsetResolver'
2025-05-08T07:35:26.472+02:00 DEBUG 9872 --- [quiz-service] [           main] o.s.b.f.s.DefaultListableBeanFactory     : Creating shared instance of singleton bean 'org.springframework.security.config.annotation.configuration.ObjectPostProcessorConfiguration'
2025-05-08T07:35:26.472+02:00 DEBUG 9872 --- [quiz-service] [           main] o.s.b.f.s.DefaultListableBeanFactory     : Creating shared instance of singleton bean 'objectPostProcessor'
2025-05-08T07:35:26.472+02:00 DEBUG 9872 --- [quiz-service] [           main] o.s.b.f.s.DefaultListableBeanFactory     : Autowiring by type from bean name 'objectPostProcessor' via factory method to bean named 'org.springframework.beans.factory.support.DefaultListableBeanFactory@1bfe3203'
2025-05-08T07:35:26.472+02:00 DEBUG 9872 --- [quiz-service] [           main] o.s.b.f.s.DefaultListableBeanFactory     : Creating shared instance of singleton bean 'org.springframework.security.config.annotation.authentication.configuration.AuthenticationConfiguration'
2025-05-08T07:35:26.488+02:00 DEBUG 9872 --- [quiz-service] [           main] o.s.b.f.s.DefaultListableBeanFactory     : Creating shared instance of singleton bean 'enableGlobalAuthenticationAutowiredConfigurer'
2025-05-08T07:35:26.488+02:00 DEBUG 9872 --- [quiz-service] [           main] o.s.b.f.s.DefaultListableBeanFactory     : Autowiring by type from bean name 'enableGlobalAuthenticationAutowiredConfigurer' via factory method to bean named 'org.springframework.web.context.support.GenericWebApplicationContext@779de014'
2025-05-08T07:35:26.488+02:00 DEBUG 9872 --- [quiz-service] [           main] o.s.b.f.s.DefaultListableBeanFactory     : Creating shared instance of singleton bean 'initializeUserDetailsBeanManagerConfigurer'
2025-05-08T07:35:26.488+02:00 DEBUG 9872 --- [quiz-service] [           main] o.s.b.f.s.DefaultListableBeanFactory     : Autowiring by type from bean name 'initializeUserDetailsBeanManagerConfigurer' via factory method to bean named 'org.springframework.web.context.support.GenericWebApplicationContext@779de014'
2025-05-08T07:35:26.488+02:00 DEBUG 9872 --- [quiz-service] [           main] o.s.b.f.s.DefaultListableBeanFactory     : Creating shared instance of singleton bean 'initializeAuthenticationProviderBeanManagerConfigurer'
2025-05-08T07:35:26.488+02:00 DEBUG 9872 --- [quiz-service] [           main] o.s.b.f.s.DefaultListableBeanFactory     : Autowiring by type from bean name 'initializeAuthenticationProviderBeanManagerConfigurer' via factory method to bean named 'org.springframework.web.context.support.GenericWebApplicationContext@779de014'
2025-05-08T07:35:26.488+02:00 DEBUG 9872 --- [quiz-service] [           main] o.s.b.f.s.DefaultListableBeanFactory     : Creating shared instance of singleton bean 'authenticationManagerBuilder'
2025-05-08T07:35:26.488+02:00 DEBUG 9872 --- [quiz-service] [           main] o.s.b.f.s.DefaultListableBeanFactory     : Autowiring by type from bean name 'authenticationManagerBuilder' via factory method to bean named 'objectPostProcessor'
2025-05-08T07:35:26.488+02:00 DEBUG 9872 --- [quiz-service] [           main] o.s.b.f.s.DefaultListableBeanFactory     : Autowiring by type from bean name 'authenticationManagerBuilder' via factory method to bean named 'org.springframework.web.context.support.GenericWebApplicationContext@779de014'
2025-05-08T07:35:26.503+02:00 DEBUG 9872 --- [quiz-service] [           main] o.s.b.f.s.DefaultListableBeanFactory     : Creating shared instance of singleton bean 'authenticationEventPublisher'
2025-05-08T07:35:26.503+02:00 DEBUG 9872 --- [quiz-service] [           main] o.s.b.f.s.DefaultListableBeanFactory     : Creating shared instance of singleton bean 'org.springframework.boot.autoconfigure.security.servlet.SecurityAutoConfiguration'
2025-05-08T07:35:26.503+02:00 DEBUG 9872 --- [quiz-service] [           main] o.s.b.f.s.DefaultListableBeanFactory     : Autowiring by type from bean name 'authenticationEventPublisher' via factory method to bean named 'org.springframework.web.context.support.GenericWebApplicationContext@779de014'
2025-05-08T07:35:26.519+02:00 DEBUG 9872 --- [quiz-service] [           main] o.s.b.f.s.DefaultListableBeanFactory     : Creating shared instance of singleton bean 'org.springframework.security.config.annotation.web.configuration.WebSecurityConfiguration'
2025-05-08T07:35:26.524+02:00 DEBUG 9872 --- [quiz-service] [           main] o.s.b.f.s.DefaultListableBeanFactory     : Creating shared instance of singleton bean 'org.springframework.security.config.annotation.web.configuration.HttpSecurityConfiguration'
2025-05-08T07:35:26.524+02:00 DEBUG 9872 --- [quiz-service] [           main] o.s.b.f.s.DefaultListableBeanFactory     : Creating shared instance of singleton bean 'org.springframework.boot.autoconfigure.security.servlet.SpringBootWebSecurityConfiguration$WebSecurityEnablerConfiguration'
2025-05-08T07:35:26.524+02:00 DEBUG 9872 --- [quiz-service] [           main] o.s.b.f.s.DefaultListableBeanFactory     : Creating shared instance of singleton bean 'inMemoryUserDetailsManager'
2025-05-08T07:35:26.524+02:00 DEBUG 9872 --- [quiz-service] [           main] o.s.b.f.s.DefaultListableBeanFactory     : Creating shared instance of singleton bean 'org.springframework.boot.autoconfigure.security.servlet.UserDetailsServiceAutoConfiguration'
2025-05-08T07:35:26.524+02:00 DEBUG 9872 --- [quiz-service] [           main] o.s.b.f.s.DefaultListableBeanFactory     : Creating shared instance of singleton bean 'spring.security-org.springframework.boot.autoconfigure.security.SecurityProperties'
2025-05-08T07:35:26.535+02:00 DEBUG 9872 --- [quiz-service] [           main] o.s.b.f.s.DefaultListableBeanFactory     : Autowiring by type from bean name 'inMemoryUserDetailsManager' via factory method to bean named 'spring.security-org.springframework.boot.autoconfigure.security.SecurityProperties'
2025-05-08T07:35:26.535+02:00  WARN 9872 --- [quiz-service] [           main] .s.s.UserDetailsServiceAutoConfiguration : 

Using generated security password: 43eff503-2c75-410b-b40a-3fd26dd81e4e

This generated password is for development use only. Your security configuration must be updated before running your application in production.

2025-05-08T07:35:26.673+02:00 DEBUG 9872 --- [quiz-service] [           main] o.s.b.f.s.DefaultListableBeanFactory     : Creating shared instance of singleton bean 'mvcHandlerMappingIntrospectorRequestTransformer'
2025-05-08T07:35:26.675+02:00 DEBUG 9872 --- [quiz-service] [           main] o.s.b.f.s.DefaultListableBeanFactory     : Creating shared instance of singleton bean 'mvcHandlerMappingIntrospector'
2025-05-08T07:35:26.685+02:00 DEBUG 9872 --- [quiz-service] [           main] o.s.b.f.s.DefaultListableBeanFactory     : Creating shared instance of singleton bean 'defaultSecurityFilterChain'
2025-05-08T07:35:26.685+02:00 DEBUG 9872 --- [quiz-service] [           main] o.s.b.f.s.DefaultListableBeanFactory     : Creating shared instance of singleton bean 'org.springframework.boot.autoconfigure.security.servlet.SpringBootWebSecurityConfiguration$SecurityFilterChainConfiguration'
2025-05-08T07:35:26.685+02:00 DEBUG 9872 --- [quiz-service] [           main] o.s.b.f.s.DefaultListableBeanFactory     : Autowiring by type from bean name 'defaultSecurityFilterChain' via factory method to bean named 'org.springframework.security.config.annotation.web.configuration.HttpSecurityConfiguration.httpSecurity'
2025-05-08T07:35:26.738+02:00  INFO 9872 --- [quiz-service] [           main] o.s.s.web.DefaultSecurityFilterChain     : Will secure any request with [org.springframework.security.web.session.DisableEncodeUrlFilter@72f3f14c, org.springframework.security.web.context.request.async.WebAsyncManagerIntegrationFilter@4cb4c4cc, org.springframework.security.web.context.SecurityContextHolderFilter@27db45f, org.springframework.security.web.header.HeaderWriterFilter@6ba0ee4a, org.springframework.web.filter.CorsFilter@4a122e68, org.springframework.security.web.csrf.CsrfFilter@3e98b933, org.springframework.security.web.authentication.logout.LogoutFilter@503556cb, org.springframework.security.web.authentication.UsernamePasswordAuthenticationFilter@b9b97ad, org.springframework.security.web.authentication.ui.DefaultLoginPageGeneratingFilter@6e981e78, org.springframework.security.web.authentication.ui.DefaultLogoutPageGeneratingFilter@41be8db9, org.springframework.security.web.authentication.www.BasicAuthenticationFilter@536da29c, org.springframework.security.web.savedrequest.RequestCacheAwareFilter@1aeff8ca, org.springframework.security.web.servletapi.SecurityContextHolderAwareRequestFilter@7f2c995b, org.springframework.security.web.authentication.AnonymousAuthenticationFilter@2c2a7d53, org.springframework.security.web.access.ExceptionTranslationFilter@6728370a, org.springframework.security.web.access.intercept.AuthorizationFilter@2d801d8]
2025-05-08T07:35:26.742+02:00 DEBUG 9872 --- [quiz-service] [           main] o.s.b.f.s.DefaultListableBeanFactory     : Creating shared instance of singleton bean 'delegatingApplicationListener'
2025-05-08T07:35:26.743+02:00 DEBUG 9872 --- [quiz-service] [           main] o.s.b.f.s.DefaultListableBeanFactory     : Creating shared instance of singleton bean 'springSecurityFilterChain'
2025-05-08T07:35:26.760+02:00 DEBUG 9872 --- [quiz-service] [           main] o.s.b.f.s.DefaultListableBeanFactory     : Creating shared instance of singleton bean 'webSecurityExpressionHandler'
2025-05-08T07:35:26.760+02:00 DEBUG 9872 --- [quiz-service] [           main] o.s.b.f.s.DefaultListableBeanFactory     : Creating shared instance of singleton bean 'privilegeEvaluator'
2025-05-08T07:35:26.760+02:00 DEBUG 9872 --- [quiz-service] [           main] o.s.b.f.s.DefaultListableBeanFactory     : Creating shared instance of singleton bean 'requestDataValueProcessor'
2025-05-08T07:35:26.765+02:00 DEBUG 9872 --- [quiz-service] [           main] o.s.b.f.s.DefaultListableBeanFactory     : Creating shared instance of singleton bean 'org.springframework.boot.autoconfigure.security.servlet.SpringBootWebSecurityConfiguration'
2025-05-08T07:35:26.767+02:00 DEBUG 9872 --- [quiz-service] [           main] o.s.b.f.s.DefaultListableBeanFactory     : Creating shared instance of singleton bean 'org.springframework.boot.autoconfigure.security.servlet.SecurityFilterAutoConfiguration'
2025-05-08T07:35:26.767+02:00 DEBUG 9872 --- [quiz-service] [           main] o.s.b.f.s.DefaultListableBeanFactory     : Creating shared instance of singleton bean 'securityFilterChainRegistration'
2025-05-08T07:35:26.767+02:00 DEBUG 9872 --- [quiz-service] [           main] o.s.b.f.s.DefaultListableBeanFactory     : Autowiring by type from bean name 'securityFilterChainRegistration' via factory method to bean named 'spring.security-org.springframework.boot.autoconfigure.security.SecurityProperties'
2025-05-08T07:35:26.772+02:00 DEBUG 9872 --- [quiz-service] [           main] o.s.b.f.s.DefaultListableBeanFactory     : Creating shared instance of singleton bean 'org.springframework.boot.autoconfigure.web.servlet.HttpEncodingAutoConfiguration'
2025-05-08T07:35:26.772+02:00 DEBUG 9872 --- [quiz-service] [           main] o.s.b.f.s.DefaultListableBeanFactory     : Autowiring by type from bean name 'org.springframework.boot.autoconfigure.web.servlet.HttpEncodingAutoConfiguration' via constructor to bean named 'server-org.springframework.boot.autoconfigure.web.ServerProperties'
2025-05-08T07:35:26.775+02:00 DEBUG 9872 --- [quiz-service] [           main] o.s.b.f.s.DefaultListableBeanFactory     : Creating shared instance of singleton bean 'characterEncodingFilter'
2025-05-08T07:35:26.775+02:00 DEBUG 9872 --- [quiz-service] [           main] o.s.b.f.s.DefaultListableBeanFactory     : Creating shared instance of singleton bean 'localeCharsetMappingsCustomizer'
2025-05-08T07:35:26.778+02:00 DEBUG 9872 --- [quiz-service] [           main] o.s.b.f.s.DefaultListableBeanFactory     : Creating shared instance of singleton bean 'mockMvcBuilder'
2025-05-08T07:35:26.778+02:00 DEBUG 9872 --- [quiz-service] [           main] o.s.b.f.s.DefaultListableBeanFactory     : Creating shared instance of singleton bean 'springBootMockMvcBuilderCustomizer'
2025-05-08T07:35:26.784+02:00 DEBUG 9872 --- [quiz-service] [           main] o.s.b.f.s.DefaultListableBeanFactory     : Creating shared instance of singleton bean 'securityMockMvcBuilderCustomizer'
2025-05-08T07:35:26.784+02:00 DEBUG 9872 --- [quiz-service] [           main] o.s.b.f.s.DefaultListableBeanFactory     : Creating shared instance of singleton bean 'org.springframework.boot.test.autoconfigure.web.servlet.MockMvcSecurityConfiguration'
2025-05-08T07:35:26.784+02:00 DEBUG 9872 --- [quiz-service] [           main] o.s.b.f.s.DefaultListableBeanFactory     : Autowiring by type from bean name 'mockMvcBuilder' via factory method to bean named 'springBootMockMvcBuilderCustomizer'
2025-05-08T07:35:26.784+02:00 DEBUG 9872 --- [quiz-service] [           main] o.s.b.f.s.DefaultListableBeanFactory     : Autowiring by type from bean name 'mockMvcBuilder' via factory method to bean named 'securityMockMvcBuilderCustomizer'
2025-05-08T07:35:26.792+02:00 DEBUG 9872 --- [quiz-service] [           main] o.s.b.w.s.ServletContextInitializerBeans : Mapping filters: springSecurityFilterChain urls=[/*] order=-100, characterEncodingFilter urls=[/*] order=-2147483648, formContentFilter urls=[/*] order=-9900, requestContextFilter urls=[/*] order=-105
2025-05-08T07:35:26.792+02:00 DEBUG 9872 --- [quiz-service] [           main] o.s.b.w.s.ServletContextInitializerBeans : Mapping servlets: 
2025-05-08T07:35:26.801+02:00 DEBUG 9872 --- [quiz-service] [           main] o.s.b.f.s.DefaultListableBeanFactory     : Creating shared instance of singleton bean 'mockMvc'
2025-05-08T07:35:26.801+02:00 DEBUG 9872 --- [quiz-service] [           main] o.s.b.f.s.DefaultListableBeanFactory     : Autowiring by type from bean name 'mockMvc' via factory method to bean named 'mockMvcBuilder'
2025-05-08T07:35:26.827+02:00 DEBUG 9872 --- [quiz-service] [           main] s.b.w.s.f.OrderedCharacterEncodingFilter : Filter 'characterEncodingFilter' configured for use
2025-05-08T07:35:26.827+02:00 DEBUG 9872 --- [quiz-service] [           main] o.s.b.w.s.f.OrderedFormContentFilter     : Filter 'formContentFilter' configured for use
2025-05-08T07:35:26.827+02:00 DEBUG 9872 --- [quiz-service] [           main] o.s.b.w.s.f.OrderedRequestContextFilter  : Filter 'requestContextFilter' configured for use
2025-05-08T07:35:26.827+02:00 DEBUG 9872 --- [quiz-service] [           main] .DelegatingFilterProxyRegistrationBean$1 : Filter 'springSecurityFilterChain' configured for use
2025-05-08T07:35:26.827+02:00  INFO 9872 --- [quiz-service] [           main] o.s.b.t.m.w.SpringBootMockServletContext : Initializing Spring TestDispatcherServlet ''
2025-05-08T07:35:26.827+02:00  INFO 9872 --- [quiz-service] [           main] o.s.t.web.servlet.TestDispatcherServlet  : Initializing Servlet ''
2025-05-08T07:35:26.827+02:00 DEBUG 9872 --- [quiz-service] [           main] o.s.t.web.servlet.TestDispatcherServlet  : Detected AcceptHeaderLocaleResolver
2025-05-08T07:35:26.827+02:00 DEBUG 9872 --- [quiz-service] [           main] o.s.t.web.servlet.TestDispatcherServlet  : Detected FixedThemeResolver
2025-05-08T07:35:26.827+02:00 DEBUG 9872 --- [quiz-service] [           main] o.s.t.web.servlet.TestDispatcherServlet  : Detected org.springframework.web.servlet.view.DefaultRequestToViewNameTranslator@7c3c453b
2025-05-08T07:35:26.827+02:00 DEBUG 9872 --- [quiz-service] [           main] o.s.t.web.servlet.TestDispatcherServlet  : Detected org.springframework.web.servlet.support.SessionFlashMapManager@17216605
2025-05-08T07:35:26.827+02:00 DEBUG 9872 --- [quiz-service] [           main] o.s.t.web.servlet.TestDispatcherServlet  : enableLoggingRequestDetails='false': request parameters and headers will be masked to prevent unsafe logging of potentially sensitive data
2025-05-08T07:35:26.827+02:00  INFO 9872 --- [quiz-service] [           main] o.s.t.web.servlet.TestDispatcherServlet  : Completed initialization in 0 ms
2025-05-08T07:35:26.840+02:00 DEBUG 9872 --- [quiz-service] [           main] o.s.b.f.s.DefaultListableBeanFactory     : Creating shared instance of singleton bean 'dispatcherServlet'
2025-05-08T07:35:26.841+02:00 DEBUG 9872 --- [quiz-service] [           main] o.s.b.f.s.DefaultListableBeanFactory     : Autowiring by type from bean name 'dispatcherServlet' via factory method to bean named 'mockMvc'
2025-05-08T07:35:26.860+02:00 DEBUG 9872 --- [quiz-service] [           main] o.s.c.support.DefaultLifecycleProcessor  : Starting beans in phase -2147483647
2025-05-08T07:35:26.860+02:00 DEBUG 9872 --- [quiz-service] [           main] o.s.c.support.DefaultLifecycleProcessor  : Successfully started bean 'springBootLoggingLifecycle'
2025-05-08T07:35:26.860+02:00 DEBUG 9872 --- [quiz-service] [           main] o.s.c.support.DefaultLifecycleProcessor  : Starting beans in phase 2147483647
2025-05-08T07:35:26.872+02:00 DEBUG 9872 --- [quiz-service] [           main] .s.b.a.l.ConditionEvaluationReportLogger : 


============================
CONDITIONS EVALUATION REPORT
============================


Positive matches:
-----------------

   ErrorMvcAutoConfiguration matched:
      - @ConditionalOnClass found required classes 'jakarta.servlet.Servlet', 'org.springframework.web.servlet.DispatcherServlet' (OnClassCondition)
      - found 'session' scope (OnWebApplicationCondition)

   ErrorMvcAutoConfiguration#basicErrorController matched:
      - @ConditionalOnMissingBean (types: org.springframework.boot.web.servlet.error.ErrorController; SearchStrategy: current) did not find any beans (OnBeanCondition)

   ErrorMvcAutoConfiguration#errorAttributes matched:
      - @ConditionalOnMissingBean (types: org.springframework.boot.web.servlet.error.ErrorAttributes; SearchStrategy: current) did not find any beans (OnBeanCondition)

   ErrorMvcAutoConfiguration.WhitelabelErrorViewConfiguration matched:
      - @ConditionalOnProperty (server.error.whitelabel.enabled) matched (OnPropertyCondition)
      - ErrorTemplate Missing did not find error template view (ErrorMvcAutoConfiguration.ErrorTemplateMissingCondition)

   ErrorMvcAutoConfiguration.WhitelabelErrorViewConfiguration#beanNameViewResolver matched:
      - @ConditionalOnMissingBean (types: org.springframework.web.servlet.view.BeanNameViewResolver; SearchStrategy: all) did not find any beans (OnBeanCondition)

   ErrorMvcAutoConfiguration.WhitelabelErrorViewConfiguration#defaultErrorView matched:
      - @ConditionalOnMissingBean (names: error; SearchStrategy: all) did not find any beans (OnBeanCondition)

   HttpEncodingAutoConfiguration matched:
      - @ConditionalOnClass found required class 'org.springframework.web.filter.CharacterEncodingFilter' (OnClassCondition)
      - found 'session' scope (OnWebApplicationCondition)
      - @ConditionalOnProperty (server.servlet.encoding.enabled) matched (OnPropertyCondition)

   HttpEncodingAutoConfiguration#characterEncodingFilter matched:
      - @ConditionalOnMissingBean (types: org.springframework.web.filter.CharacterEncodingFilter; SearchStrategy: all) did not find any beans (OnBeanCondition)

   HttpMessageConvertersAutoConfiguration matched:
      - @ConditionalOnClass found required class 'org.springframework.http.converter.HttpMessageConverter' (OnClassCondition)
      - NoneNestedConditions 0 matched 1 did not; NestedCondition on HttpMessageConvertersAutoConfiguration.NotReactiveWebApplicationCondition.ReactiveWebApplication did not find reactive web application classes (HttpMessageConvertersAutoConfiguration.NotReactiveWebApplicationCondition)

   HttpMessageConvertersAutoConfiguration#messageConverters matched:
      - @ConditionalOnMissingBean (types: org.springframework.boot.autoconfigure.http.HttpMessageConverters; SearchStrategy: all) did not find any beans (OnBeanCondition)

   HttpMessageConvertersAutoConfiguration.StringHttpMessageConverterConfiguration matched:
      - @ConditionalOnClass found required class 'org.springframework.http.converter.StringHttpMessageConverter' (OnClassCondition)

   HttpMessageConvertersAutoConfiguration.StringHttpMessageConverterConfiguration#stringHttpMessageConverter matched:
      - @ConditionalOnMissingBean (types: org.springframework.http.converter.StringHttpMessageConverter; SearchStrategy: all) did not find any beans (OnBeanCondition)

   JacksonAutoConfiguration matched:
      - @ConditionalOnClass found required class 'com.fasterxml.jackson.databind.ObjectMapper' (OnClassCondition)

   JacksonAutoConfiguration.Jackson2ObjectMapperBuilderCustomizerConfiguration matched:
      - @ConditionalOnClass found required class 'org.springframework.http.converter.json.Jackson2ObjectMapperBuilder' (OnClassCondition)

   JacksonAutoConfiguration.JacksonObjectMapperBuilderConfiguration matched:
      - @ConditionalOnClass found required class 'org.springframework.http.converter.json.Jackson2ObjectMapperBuilder' (OnClassCondition)

   JacksonAutoConfiguration.JacksonObjectMapperBuilderConfiguration#jacksonObjectMapperBuilder matched:
      - @ConditionalOnMissingBean (types: org.springframework.http.converter.json.Jackson2ObjectMapperBuilder; SearchStrategy: all) did not find any beans (OnBeanCondition)

   JacksonAutoConfiguration.JacksonObjectMapperConfiguration matched:
      - @ConditionalOnClass found required class 'org.springframework.http.converter.json.Jackson2ObjectMapperBuilder' (OnClassCondition)

   JacksonAutoConfiguration.JacksonObjectMapperConfiguration#jacksonObjectMapper matched:
      - @ConditionalOnMissingBean (types: com.fasterxml.jackson.databind.ObjectMapper; SearchStrategy: all) did not find any beans (OnBeanCondition)

   JacksonAutoConfiguration.ParameterNamesModuleConfiguration matched:
      - @ConditionalOnClass found required class 'com.fasterxml.jackson.module.paramnames.ParameterNamesModule' (OnClassCondition)

   JacksonAutoConfiguration.ParameterNamesModuleConfiguration#parameterNamesModule matched:
      - @ConditionalOnMissingBean (types: com.fasterxml.jackson.module.paramnames.ParameterNamesModule; SearchStrategy: all) did not find any beans (OnBeanCondition)

   JacksonHttpMessageConvertersConfiguration.MappingJackson2HttpMessageConverterConfiguration matched:
      - @ConditionalOnClass found required class 'com.fasterxml.jackson.databind.ObjectMapper' (OnClassCondition)
      - @ConditionalOnProperty (spring.mvc.converters.preferred-json-mapper=jackson) matched (OnPropertyCondition)
      - @ConditionalOnBean (types: com.fasterxml.jackson.databind.ObjectMapper; SearchStrategy: all) found bean 'jacksonObjectMapper' (OnBeanCondition)

   JacksonHttpMessageConvertersConfiguration.MappingJackson2HttpMessageConverterConfiguration#mappingJackson2HttpMessageConverter matched:
      - @ConditionalOnMissingBean (types: org.springframework.http.converter.json.MappingJackson2HttpMessageConverter ignored: org.springframework.hateoas.server.mvc.TypeConstrainedMappingJackson2HttpMessageConverter,org.springframework.data.rest.webmvc.alps.AlpsJsonHttpMessageConverter; SearchStrategy: all) did not find any beans (OnBeanCondition)

   MockMvcAutoConfiguration matched:
      - found 'session' scope (OnWebApplicationCondition)

   MockMvcAutoConfiguration#dispatcherServlet matched:
      - @ConditionalOnMissingBean (types: org.springframework.web.servlet.DispatcherServlet; SearchStrategy: all) did not find any beans (OnBeanCondition)

   MockMvcAutoConfiguration#dispatcherServletPath matched:
      - @ConditionalOnMissingBean (types: org.springframework.boot.autoconfigure.web.servlet.DispatcherServletPath; SearchStrategy: all) did not find any beans (OnBeanCondition)

   MockMvcAutoConfiguration#mockMvc matched:
      - @ConditionalOnMissingBean (types: org.springframework.test.web.servlet.MockMvc; SearchStrategy: all) did not find any beans (OnBeanCondition)

   MockMvcAutoConfiguration#mockMvcBuilder matched:
      - @ConditionalOnMissingBean (types: org.springframework.test.web.servlet.MockMvcBuilder; SearchStrategy: all) did not find any beans (OnBeanCondition)

   MockMvcSecurityConfiguration matched:
      - @ConditionalOnClass found required class 'org.springframework.security.test.web.servlet.request.SecurityMockMvcRequestPostProcessors' (OnClassCondition)

   MockMvcSecurityConfiguration#securityMockMvcBuilderCustomizer matched:
      - @ConditionalOnBean (names: springSecurityFilterChain; SearchStrategy: all) found bean 'springSecurityFilterChain' (OnBeanCondition)

   NoOpCacheConfiguration matched:
      - Cache org.springframework.boot.autoconfigure.cache.NoOpCacheConfiguration NONE cache type (CacheCondition)

   SecurityAutoConfiguration matched:
      - @ConditionalOnClass found required class 'org.springframework.security.authentication.DefaultAuthenticationEventPublisher' (OnClassCondition)

   SecurityAutoConfiguration#authenticationEventPublisher matched:
      - @ConditionalOnMissingBean (types: org.springframework.security.authentication.AuthenticationEventPublisher; SearchStrategy: all) did not find any beans (OnBeanCondition)

   SecurityFilterAutoConfiguration matched:
      - @ConditionalOnClass found required classes 'org.springframework.security.web.context.AbstractSecurityWebApplicationInitializer', 'org.springframework.security.config.http.SessionCreationPolicy' (OnClassCondition)
      - found 'session' scope (OnWebApplicationCondition)

   SecurityFilterAutoConfiguration#securityFilterChainRegistration matched:
      - @ConditionalOnBean (names: springSecurityFilterChain; SearchStrategy: all) found bean 'springSecurityFilterChain' (OnBeanCondition)

   SpringBootWebSecurityConfiguration matched:
      - found 'session' scope (OnWebApplicationCondition)

   SpringBootWebSecurityConfiguration.SecurityFilterChainConfiguration matched:
      - AllNestedConditions 2 matched 0 did not; NestedCondition on DefaultWebSecurityCondition.Beans @ConditionalOnMissingBean (types: org.springframework.security.web.SecurityFilterChain; SearchStrategy: all) did not find any beans; NestedCondition on DefaultWebSecurityCondition.Classes @ConditionalOnClass found required classes 'org.springframework.security.web.SecurityFilterChain', 'org.springframework.security.config.annotation.web.builders.HttpSecurity' (DefaultWebSecurityCondition)

   SpringBootWebSecurityConfiguration.WebSecurityEnablerConfiguration matched:
      - @ConditionalOnClass found required class 'org.springframework.security.config.annotation.web.configuration.EnableWebSecurity' (OnClassCondition)
      - @ConditionalOnMissingBean (names: springSecurityFilterChain; SearchStrategy: all) did not find any beans (OnBeanCondition)

   SpringDataWebAutoConfiguration matched:
      - @ConditionalOnClass found required classes 'org.springframework.data.web.PageableHandlerMethodArgumentResolver', 'org.springframework.web.servlet.config.annotation.WebMvcConfigurer' (OnClassCondition)
      - found 'session' scope (OnWebApplicationCondition)
      - @ConditionalOnMissingBean (types: org.springframework.data.web.PageableHandlerMethodArgumentResolver; SearchStrategy: all) did not find any beans (OnBeanCondition)

   SpringDataWebAutoConfiguration#pageableCustomizer matched:
      - @ConditionalOnMissingBean (types: org.springframework.data.web.config.PageableHandlerMethodArgumentResolverCustomizer; SearchStrategy: all) did not find any beans (OnBeanCondition)

[...]
2025-05-08T07:35:27.448+02:00 DEBUG 9872 --- [quiz-service] [           main] org.springframework.test.context.cache   : Spring test ApplicationContext cache statistics: [DefaultContextCache@1a43a88e size = 1, maxSize = 32, parentContextCount = 0, hitCount = 45, missCount = 1, failureCount = 0]
2025-05-08T07:35:27.450+02:00 DEBUG 9872 --- [quiz-service] [           main] sContextBeforeModesTestExecutionListener : Before test method: class [AdminQuizControllerTest], method [testAddQuestion], class annotated with @DirtiesContext [false] with mode [null], method annotated with @DirtiesContext [false] with mode [null]
2025-05-08T07:35:27.451+02:00 DEBUG 9872 --- [quiz-service] [           main] org.springframework.test.context.cache   : Spring test ApplicationContext cache statistics: [DefaultContextCache@1a43a88e size = 1, maxSize = 32, parentContextCount = 0, hitCount = 46, missCount = 1, failureCount = 0]
2025-05-08T07:35:27.451+02:00 DEBUG 9872 --- [quiz-service] [           main] org.springframework.test.context.cache   : Spring test ApplicationContext cache statistics: [DefaultContextCache@1a43a88e size = 1, maxSize = 32, parentContextCount = 0, hitCount = 47, missCount = 1, failureCount = 0]
2025-05-08T07:35:27.451+02:00 DEBUG 9872 --- [quiz-service] [           main] org.springframework.test.context.cache   : Spring test ApplicationContext cache statistics: [DefaultContextCache@1a43a88e size = 1, maxSize = 32, parentContextCount = 0, hitCount = 48, missCount = 1, failureCount = 0]
2025-05-08T07:35:27.452+02:00 DEBUG 9872 --- [quiz-service] [           main] org.springframework.test.context.cache   : Spring test ApplicationContext cache statistics: [DefaultContextCache@1a43a88e size = 1, maxSize = 32, parentContextCount = 0, hitCount = 49, missCount = 1, failureCount = 0]
2025-05-08T07:35:27.453+02:00 DEBUG 9872 --- [quiz-service] [           main] org.springframework.test.context.cache   : Spring test ApplicationContext cache statistics: [DefaultContextCache@1a43a88e size = 1, maxSize = 32, parentContextCount = 0, hitCount = 50, missCount = 1, failureCount = 0]
2025-05-08T07:35:27.457+02:00 DEBUG 9872 --- [quiz-service] [           main] o.s.test.util.ReflectionTestUtils        : Invoking method 'getFilters' on target object [FilterChainProxy[Filter Chains: null]] or target class [null] with arguments {org.springframework.mock.web.MockHttpServletRequest@cfb94fd}
2025-05-08T07:35:27.457+02:00 DEBUG 9872 --- [quiz-service] [           main] o.s.test.util.ReflectionTestUtils        : Invoking method 'getFilters' on target object [FilterChainProxy[Filter Chains: null]] or target class [null] with arguments {org.springframework.mock.web.MockHttpServletRequest@cfb94fd}
2025-05-08T07:35:27.458+02:00 DEBUG 9872 --- [quiz-service] [           main] o.s.test.util.ReflectionTestUtils        : Getting field 'securityContextRepository' from target object [org.springframework.security.web.context.SecurityContextHolderFilter@27db45f] or target class [class org.springframework.security.web.context.SecurityContextHolderFilter]
2025-05-08T07:35:27.458+02:00 DEBUG 9872 --- [quiz-service] [           main] w.c.HttpSessionSecurityContextRepository : Created HttpSession as SecurityContext is non-default
2025-05-08T07:35:27.458+02:00 DEBUG 9872 --- [quiz-service] [           main] w.c.HttpSessionSecurityContextRepository : Stored SecurityContextImpl [Authentication=UsernamePasswordAuthenticationToken [Principal=org.springframework.security.core.userdetails.User [Username=user, Password=[PROTECTED], Enabled=true, AccountNonExpired=true, CredentialsNonExpired=true, AccountNonLocked=true, Granted Authorities=[ROLE_ADMIN]], Credentials=[PROTECTED], Authenticated=true, Details=null, Granted Authorities=[ROLE_ADMIN]]] to HttpSession [org.springframework.mock.web.MockHttpSession@4ebd8d2]
2025-05-08T07:35:27.458+02:00 DEBUG 9872 --- [quiz-service] [           main] o.s.test.util.ReflectionTestUtils        : Invoking method 'getFilters' on target object [FilterChainProxy[Filter Chains: null]] or target class [null] with arguments {org.springframework.mock.web.MockHttpServletRequest@cfb94fd}
2025-05-08T07:35:27.458+02:00 DEBUG 9872 --- [quiz-service] [           main] o.s.test.util.ReflectionTestUtils        : Getting field 'tokenRepository' from target object [org.springframework.security.web.csrf.CsrfFilter@3e98b933] or target class [class org.springframework.security.web.csrf.CsrfFilter]
2025-05-08T07:35:27.458+02:00 DEBUG 9872 --- [quiz-service] [           main] o.s.test.util.ReflectionTestUtils        : Invoking method 'getFilters' on target object [FilterChainProxy[Filter Chains: null]] or target class [null] with arguments {org.springframework.mock.web.MockHttpServletRequest@cfb94fd}
2025-05-08T07:35:27.458+02:00 DEBUG 9872 --- [quiz-service] [           main] o.s.test.util.ReflectionTestUtils        : Getting field 'requestHandler' from target object [org.springframework.security.web.csrf.CsrfFilter@3e98b933] or target class [class org.springframework.security.web.csrf.CsrfFilter]
2025-05-08T07:35:27.458+02:00 DEBUG 9872 --- [quiz-service] [           main] o.s.security.web.FilterChainProxy        : Securing POST /admin/quizzes/1/questions
2025-05-08T07:35:27.458+02:00 DEBUG 9872 --- [quiz-service] [           main] w.c.HttpSessionSecurityContextRepository : Retrieved SecurityContextImpl [Authentication=UsernamePasswordAuthenticationToken [Principal=org.springframework.security.core.userdetails.User [Username=user, Password=[PROTECTED], Enabled=true, AccountNonExpired=true, CredentialsNonExpired=true, AccountNonLocked=true, Granted Authorities=[ROLE_ADMIN]], Credentials=[PROTECTED], Authenticated=true, Details=null, Granted Authorities=[ROLE_ADMIN]]]
2025-05-08T07:35:27.458+02:00 DEBUG 9872 --- [quiz-service] [           main] o.s.security.web.FilterChainProxy        : Secured POST /admin/quizzes/1/questions
2025-05-08T07:35:27.458+02:00 DEBUG 9872 --- [quiz-service] [           main] o.s.t.web.servlet.TestDispatcherServlet  : POST "/admin/quizzes/1/questions", parameters={masked}
2025-05-08T07:35:27.458+02:00 DEBUG 9872 --- [quiz-service] [           main] s.w.s.m.m.a.RequestMappingHandlerMapping : Mapped to narimanCode.controller.AdminQuizController#addQuestion(Long, QuestionDTO)
2025-05-08T07:35:27.463+02:00 DEBUG 9872 --- [quiz-service] [           main] m.m.a.RequestResponseBodyMethodProcessor : Read "application/json;charset=UTF-8" to [narimanCode.dto.QuestionDTO@75aa7703]
2025-05-08T07:35:27.475+02:00  INFO 9872 --- [quiz-service] [           main] n.controller.AdminQuizController         : Adding question to quizId: 1
2025-05-08T07:35:27.475+02:00 DEBUG 9872 --- [quiz-service] [           main] o.s.w.s.m.m.a.HttpEntityMethodProcessor  : Using 'application/json', given [*/*] and supported [application/json, application/*+json]
2025-05-08T07:35:27.475+02:00 DEBUG 9872 --- [quiz-service] [           main] o.s.w.s.m.m.a.HttpEntityMethodProcessor  : Writing [narimanCode.dto.QuestionDTO@3278d065]
2025-05-08T07:35:27.475+02:00 DEBUG 9872 --- [quiz-service] [           main] o.s.t.web.servlet.TestDispatcherServlet  : Completed 200 OK
2025-05-08T07:35:27.479+02:00 DEBUG 9872 --- [quiz-service] [           main] org.springframework.test.context.cache   : Spring test ApplicationContext cache statistics: [DefaultContextCache@1a43a88e size = 1, maxSize = 32, parentContextCount = 0, hitCount = 51, missCount = 1, failureCount = 0]
2025-05-08T07:35:27.479+02:00 DEBUG 9872 --- [quiz-service] [           main] org.springframework.test.context.cache   : Spring test ApplicationContext cache statistics: [DefaultContextCache@1a43a88e size = 1, maxSize = 32, parentContextCount = 0, hitCount = 52, missCount = 1, failureCount = 0]
2025-05-08T07:35:27.479+02:00 DEBUG 9872 --- [quiz-service] [           main] org.springframework.test.context.cache   : Spring test ApplicationContext cache statistics: [DefaultContextCache@1a43a88e size = 1, maxSize = 32, parentContextCount = 0, hitCount = 53, missCount = 1, failureCount = 0]
2025-05-08T07:35:27.479+02:00 DEBUG 9872 --- [quiz-service] [           main] org.springframework.test.context.cache   : Spring test ApplicationContext cache statistics: [DefaultContextCache@1a43a88e size = 1, maxSize = 32, parentContextCount = 0, hitCount = 54, missCount = 1, failureCount = 0]
2025-05-08T07:35:27.479+02:00 DEBUG 9872 --- [quiz-service] [           main] org.springframework.test.context.cache   : Spring test ApplicationContext cache statistics: [DefaultContextCache@1a43a88e size = 1, maxSize = 32, parentContextCount = 0, hitCount = 55, missCount = 1, failureCount = 0]
2025-05-08T07:35:27.479+02:00 DEBUG 9872 --- [quiz-service] [           main] org.springframework.test.context.cache   : Spring test ApplicationContext cache statistics: [DefaultContextCache@1a43a88e size = 1, maxSize = 32, parentContextCount = 0, hitCount = 56, missCount = 1, failureCount = 0]
2025-05-08T07:35:27.479+02:00 DEBUG 9872 --- [quiz-service] [           main] org.springframework.test.context.cache   : Spring test ApplicationContext cache statistics: [DefaultContextCache@1a43a88e size = 1, maxSize = 32, parentContextCount = 0, hitCount = 57, missCount = 1, failureCount = 0]
2025-05-08T07:35:27.483+02:00 DEBUG 9872 --- [quiz-service] [           main] .c.s.DirtiesContextTestExecutionListener : After test method: class [AdminQuizControllerTest], method [testAddQuestion], class annotated with @DirtiesContext [false] with mode [null], method annotated with @DirtiesContext [false] with mode [null]
]]></system-out>
  </testcase>
  <testcase name="testGetUserQuizSummaries" classname="narimanCode.controller.AdminQuizControllerTest" time="0.006">
    <system-out><![CDATA[2025-05-08T07:35:27.484+02:00 DEBUG 9872 --- [quiz-service] [           main] org.springframework.test.context.cache   : Spring test ApplicationContext cache statistics: [DefaultContextCache@1a43a88e size = 1, maxSize = 32, parentContextCount = 0, hitCount = 58, missCount = 1, failureCount = 0]
2025-05-08T07:35:27.484+02:00 DEBUG 9872 --- [quiz-service] [           main] DependencyInjectionTestExecutionListener : Performing dependency injection for test class narimanCode.controller.AdminQuizControllerTest
2025-05-08T07:35:27.484+02:00 DEBUG 9872 --- [quiz-service] [           main] org.springframework.test.context.cache   : Spring test ApplicationContext cache statistics: [DefaultContextCache@1a43a88e size = 1, maxSize = 32, parentContextCount = 0, hitCount = 59, missCount = 1, failureCount = 0]
2025-05-08T07:35:27.484+02:00 DEBUG 9872 --- [quiz-service] [           main] org.springframework.test.context.cache   : Spring test ApplicationContext cache statistics: [DefaultContextCache@1a43a88e size = 1, maxSize = 32, parentContextCount = 0, hitCount = 60, missCount = 1, failureCount = 0]
2025-05-08T07:35:27.488+02:00 DEBUG 9872 --- [quiz-service] [           main] sContextBeforeModesTestExecutionListener : Before test method: class [AdminQuizControllerTest], method [testGetUserQuizSummaries], class annotated with @DirtiesContext [false] with mode [null], method annotated with @DirtiesContext [false] with mode [null]
2025-05-08T07:35:27.488+02:00 DEBUG 9872 --- [quiz-service] [           main] org.springframework.test.context.cache   : Spring test ApplicationContext cache statistics: [DefaultContextCache@1a43a88e size = 1, maxSize = 32, parentContextCount = 0, hitCount = 61, missCount = 1, failureCount = 0]
2025-05-08T07:35:27.488+02:00 DEBUG 9872 --- [quiz-service] [           main] org.springframework.test.context.cache   : Spring test ApplicationContext cache statistics: [DefaultContextCache@1a43a88e size = 1, maxSize = 32, parentContextCount = 0, hitCount = 62, missCount = 1, failureCount = 0]
2025-05-08T07:35:27.488+02:00 DEBUG 9872 --- [quiz-service] [           main] org.springframework.test.context.cache   : Spring test ApplicationContext cache statistics: [DefaultContextCache@1a43a88e size = 1, maxSize = 32, parentContextCount = 0, hitCount = 63, missCount = 1, failureCount = 0]
2025-05-08T07:35:27.488+02:00 DEBUG 9872 --- [quiz-service] [           main] org.springframework.test.context.cache   : Spring test ApplicationContext cache statistics: [DefaultContextCache@1a43a88e size = 1, maxSize = 32, parentContextCount = 0, hitCount = 64, missCount = 1, failureCount = 0]
2025-05-08T07:35:27.488+02:00 DEBUG 9872 --- [quiz-service] [           main] org.springframework.test.context.cache   : Spring test ApplicationContext cache statistics: [DefaultContextCache@1a43a88e size = 1, maxSize = 32, parentContextCount = 0, hitCount = 65, missCount = 1, failureCount = 0]
2025-05-08T07:35:27.490+02:00 DEBUG 9872 --- [quiz-service] [           main] o.s.test.util.ReflectionTestUtils        : Invoking method 'getFilters' on target object [FilterChainProxy[Filter Chains: null]] or target class [null] with arguments {org.springframework.mock.web.MockHttpServletRequest@225ddf5f}
2025-05-08T07:35:27.490+02:00 DEBUG 9872 --- [quiz-service] [           main] o.s.test.util.ReflectionTestUtils        : Invoking method 'getFilters' on target object [FilterChainProxy[Filter Chains: null]] or target class [null] with arguments {org.springframework.mock.web.MockHttpServletRequest@225ddf5f}
2025-05-08T07:35:27.490+02:00 DEBUG 9872 --- [quiz-service] [           main] o.s.test.util.ReflectionTestUtils        : Getting field 'securityContextRepository' from target object [org.springframework.security.web.context.SecurityContextHolderFilter@27db45f] or target class [class org.springframework.security.web.context.SecurityContextHolderFilter]
2025-05-08T07:35:27.490+02:00 DEBUG 9872 --- [quiz-service] [           main] w.c.HttpSessionSecurityContextRepository : Created HttpSession as SecurityContext is non-default
2025-05-08T07:35:27.490+02:00 DEBUG 9872 --- [quiz-service] [           main] w.c.HttpSessionSecurityContextRepository : Stored SecurityContextImpl [Authentication=UsernamePasswordAuthenticationToken [Principal=org.springframework.security.core.userdetails.User [Username=user, Password=[PROTECTED], Enabled=true, AccountNonExpired=true, CredentialsNonExpired=true, AccountNonLocked=true, Granted Authorities=[ROLE_ADMIN]], Credentials=[PROTECTED], Authenticated=true, Details=null, Granted Authorities=[ROLE_ADMIN]]] to HttpSession [org.springframework.mock.web.MockHttpSession@51468039]
2025-05-08T07:35:27.490+02:00 DEBUG 9872 --- [quiz-service] [           main] o.s.test.util.ReflectionTestUtils        : Invoking method 'getFilters' on target object [FilterChainProxy[Filter Chains: null]] or target class [null] with arguments {org.springframework.mock.web.MockHttpServletRequest@225ddf5f}
2025-05-08T07:35:27.490+02:00 DEBUG 9872 --- [quiz-service] [           main] o.s.test.util.ReflectionTestUtils        : Getting field 'tokenRepository' from target object [org.springframework.security.web.csrf.CsrfFilter@3e98b933] or target class [class org.springframework.security.web.csrf.CsrfFilter]
2025-05-08T07:35:27.490+02:00 DEBUG 9872 --- [quiz-service] [           main] o.s.test.util.ReflectionTestUtils        : Invoking method 'getFilters' on target object [FilterChainProxy[Filter Chains: null]] or target class [null] with arguments {org.springframework.mock.web.MockHttpServletRequest@225ddf5f}
2025-05-08T07:35:27.490+02:00 DEBUG 9872 --- [quiz-service] [           main] o.s.test.util.ReflectionTestUtils        : Getting field 'requestHandler' from target object [org.springframework.security.web.csrf.CsrfFilter@3e98b933] or target class [class org.springframework.security.web.csrf.CsrfFilter]
2025-05-08T07:35:27.490+02:00 DEBUG 9872 --- [quiz-service] [           main] o.s.security.web.FilterChainProxy        : Securing GET /admin/quizzes/users
2025-05-08T07:35:27.490+02:00 DEBUG 9872 --- [quiz-service] [           main] w.c.HttpSessionSecurityContextRepository : Retrieved SecurityContextImpl [Authentication=UsernamePasswordAuthenticationToken [Principal=org.springframework.security.core.userdetails.User [Username=user, Password=[PROTECTED], Enabled=true, AccountNonExpired=true, CredentialsNonExpired=true, AccountNonLocked=true, Granted Authorities=[ROLE_ADMIN]], Credentials=[PROTECTED], Authenticated=true, Details=null, Granted Authorities=[ROLE_ADMIN]]]
2025-05-08T07:35:27.490+02:00 DEBUG 9872 --- [quiz-service] [           main] o.s.security.web.FilterChainProxy        : Secured GET /admin/quizzes/users
2025-05-08T07:35:27.490+02:00 DEBUG 9872 --- [quiz-service] [           main] o.s.t.web.servlet.TestDispatcherServlet  : GET "/admin/quizzes/users", parameters={masked}
2025-05-08T07:35:27.490+02:00 DEBUG 9872 --- [quiz-service] [           main] s.w.s.m.m.a.RequestMappingHandlerMapping : Mapped to narimanCode.controller.AdminQuizController#getUserQuizSummaries()
2025-05-08T07:35:27.490+02:00  INFO 9872 --- [quiz-service] [           main] n.controller.AdminQuizController         : Fetching user quiz summaries
2025-05-08T07:35:27.490+02:00 DEBUG 9872 --- [quiz-service] [           main] o.s.w.s.m.m.a.HttpEntityMethodProcessor  : Using 'application/json', given [*/*] and supported [application/json, application/*+json]
2025-05-08T07:35:27.490+02:00 DEBUG 9872 --- [quiz-service] [           main] o.s.w.s.m.m.a.HttpEntityMethodProcessor  : Writing [[]]
2025-05-08T07:35:27.490+02:00 DEBUG 9872 --- [quiz-service] [           main] o.s.t.web.servlet.TestDispatcherServlet  : Completed 200 OK
2025-05-08T07:35:27.490+02:00 DEBUG 9872 --- [quiz-service] [           main] org.springframework.test.context.cache   : Spring test ApplicationContext cache statistics: [DefaultContextCache@1a43a88e size = 1, maxSize = 32, parentContextCount = 0, hitCount = 66, missCount = 1, failureCount = 0]
2025-05-08T07:35:27.490+02:00 DEBUG 9872 --- [quiz-service] [           main] org.springframework.test.context.cache   : Spring test ApplicationContext cache statistics: [DefaultContextCache@1a43a88e size = 1, maxSize = 32, parentContextCount = 0, hitCount = 67, missCount = 1, failureCount = 0]
2025-05-08T07:35:27.490+02:00 DEBUG 9872 --- [quiz-service] [           main] org.springframework.test.context.cache   : Spring test ApplicationContext cache statistics: [DefaultContextCache@1a43a88e size = 1, maxSize = 32, parentContextCount = 0, hitCount = 68, missCount = 1, failureCount = 0]
2025-05-08T07:35:27.490+02:00 DEBUG 9872 --- [quiz-service] [           main] org.springframework.test.context.cache   : Spring test ApplicationContext cache statistics: [DefaultContextCache@1a43a88e size = 1, maxSize = 32, parentContextCount = 0, hitCount = 69, missCount = 1, failureCount = 0]
2025-05-08T07:35:27.490+02:00 DEBUG 9872 --- [quiz-service] [           main] org.springframework.test.context.cache   : Spring test ApplicationContext cache statistics: [DefaultContextCache@1a43a88e size = 1, maxSize = 32, parentContextCount = 0, hitCount = 70, missCount = 1, failureCount = 0]
2025-05-08T07:35:27.490+02:00 DEBUG 9872 --- [quiz-service] [           main] org.springframework.test.context.cache   : Spring test ApplicationContext cache statistics: [DefaultContextCache@1a43a88e size = 1, maxSize = 32, parentContextCount = 0, hitCount = 71, missCount = 1, failureCount = 0]
2025-05-08T07:35:27.490+02:00 DEBUG 9872 --- [quiz-service] [           main] org.springframework.test.context.cache   : Spring test ApplicationContext cache statistics: [DefaultContextCache@1a43a88e size = 1, maxSize = 32, parentContextCount = 0, hitCount = 72, missCount = 1, failureCount = 0]
2025-05-08T07:35:27.490+02:00 DEBUG 9872 --- [quiz-service] [           main] .c.s.DirtiesContextTestExecutionListener : After test method: class [AdminQuizControllerTest], method [testGetUserQuizSummaries], class annotated with @DirtiesContext [false] with mode [null], method annotated with @DirtiesContext [false] with mode [null]
]]></system-out>
  </testcase>
</testsuite>